<?xml version="1.0" encoding="UTF-8"?>
<testsuite xmlns:xsi="http://www.w3.org/2001/XMLSchema-instance" xsi:noNamespaceSchemaLocation="https://maven.apache.org/surefire/maven-surefire-plugin/xsd/surefire-test-report-3.0.xsd" version="3.0" name="com.cs4256.drinkmorewater.BookmarkTests" time="5.277" tests="10" errors="0" skipped="0" failures="0">
  <properties>
    <property name="sun.desktop" value="windows"/>
    <property name="awt.toolkit" value="sun.awt.windows.WToolkit"/>
    <property name="java.specification.version" value="11"/>
    <property name="sun.cpu.isalist" value="amd64"/>
    <property name="sun.jnu.encoding" value="Cp1252"/>
    <property name="java.class.path" value="C:\Users\ruoch\Desktop\2022 FALL\CS4156 Advanced software engineering\CS4156_DrinkMoreWater\target\test-classes;C:\Users\ruoch\Desktop\2022 FALL\CS4156 Advanced software engineering\CS4156_DrinkMoreWater\target\classes;C:\Users\ruoch\.m2\repository\org\springframework\boot\spring-boot-starter-web\2.7.4\spring-boot-starter-web-2.7.4.jar;C:\Users\ruoch\.m2\repository\org\springframework\boot\spring-boot-starter\2.7.4\spring-boot-starter-2.7.4.jar;C:\Users\ruoch\.m2\repository\org\springframework\boot\spring-boot\2.7.4\spring-boot-2.7.4.jar;C:\Users\ruoch\.m2\repository\org\springframework\boot\spring-boot-starter-logging\2.7.4\spring-boot-starter-logging-2.7.4.jar;C:\Users\ruoch\.m2\repository\ch\qos\logback\logback-classic\1.2.11\logback-classic-1.2.11.jar;C:\Users\ruoch\.m2\repository\ch\qos\logback\logback-core\1.2.11\logback-core-1.2.11.jar;C:\Users\ruoch\.m2\repository\org\apache\logging\log4j\log4j-to-slf4j\2.17.2\log4j-to-slf4j-2.17.2.jar;C:\Users\ruoch\.m2\repository\org\apache\logging\log4j\log4j-api\2.17.2\log4j-api-2.17.2.jar;C:\Users\ruoch\.m2\repository\org\slf4j\jul-to-slf4j\1.7.36\jul-to-slf4j-1.7.36.jar;C:\Users\ruoch\.m2\repository\jakarta\annotation\jakarta.annotation-api\1.3.5\jakarta.annotation-api-1.3.5.jar;C:\Users\ruoch\.m2\repository\org\yaml\snakeyaml\1.30\snakeyaml-1.30.jar;C:\Users\ruoch\.m2\repository\org\springframework\boot\spring-boot-starter-json\2.7.4\spring-boot-starter-json-2.7.4.jar;C:\Users\ruoch\.m2\repository\com\fasterxml\jackson\core\jackson-databind\2.13.4\jackson-databind-2.13.4.jar;C:\Users\ruoch\.m2\repository\com\fasterxml\jackson\core\jackson-annotations\2.13.4\jackson-annotations-2.13.4.jar;C:\Users\ruoch\.m2\repository\com\fasterxml\jackson\core\jackson-core\2.13.4\jackson-core-2.13.4.jar;C:\Users\ruoch\.m2\repository\com\fasterxml\jackson\datatype\jackson-datatype-jdk8\2.13.4\jackson-datatype-jdk8-2.13.4.jar;C:\Users\ruoch\.m2\repository\com\fasterxml\jackson\datatype\jackson-datatype-jsr310\2.13.4\jackson-datatype-jsr310-2.13.4.jar;C:\Users\ruoch\.m2\repository\com\fasterxml\jackson\module\jackson-module-parameter-names\2.13.4\jackson-module-parameter-names-2.13.4.jar;C:\Users\ruoch\.m2\repository\org\springframework\boot\spring-boot-starter-tomcat\2.7.4\spring-boot-starter-tomcat-2.7.4.jar;C:\Users\ruoch\.m2\repository\org\apache\tomcat\embed\tomcat-embed-core\9.0.65\tomcat-embed-core-9.0.65.jar;C:\Users\ruoch\.m2\repository\org\apache\tomcat\embed\tomcat-embed-el\9.0.65\tomcat-embed-el-9.0.65.jar;C:\Users\ruoch\.m2\repository\org\apache\tomcat\embed\tomcat-embed-websocket\9.0.65\tomcat-embed-websocket-9.0.65.jar;C:\Users\ruoch\.m2\repository\org\springframework\spring-web\5.3.23\spring-web-5.3.23.jar;C:\Users\ruoch\.m2\repository\org\springframework\spring-beans\5.3.23\spring-beans-5.3.23.jar;C:\Users\ruoch\.m2\repository\org\springframework\spring-webmvc\5.3.23\spring-webmvc-5.3.23.jar;C:\Users\ruoch\.m2\repository\org\springframework\spring-aop\5.3.23\spring-aop-5.3.23.jar;C:\Users\ruoch\.m2\repository\org\springframework\spring-context\5.3.23\spring-context-5.3.23.jar;C:\Users\ruoch\.m2\repository\org\springframework\spring-expression\5.3.23\spring-expression-5.3.23.jar;C:\Users\ruoch\.m2\repository\org\junit\vintage\junit-vintage-engine\5.8.2\junit-vintage-engine-5.8.2.jar;C:\Users\ruoch\.m2\repository\org\junit\platform\junit-platform-engine\1.8.2\junit-platform-engine-1.8.2.jar;C:\Users\ruoch\.m2\repository\org\opentest4j\opentest4j\1.2.0\opentest4j-1.2.0.jar;C:\Users\ruoch\.m2\repository\org\junit\platform\junit-platform-commons\1.8.2\junit-platform-commons-1.8.2.jar;C:\Users\ruoch\.m2\repository\org\apiguardian\apiguardian-api\1.1.2\apiguardian-api-1.1.2.jar;C:\Users\ruoch\.m2\repository\mysql\mysql-connector-java\8.0.30\mysql-connector-java-8.0.30.jar;C:\Users\ruoch\.m2\repository\org\springframework\boot\spring-boot-starter-test\2.7.4\spring-boot-starter-test-2.7.4.jar;C:\Users\ruoch\.m2\repository\org\springframework\boot\spring-boot-test\2.7.4\spring-boot-test-2.7.4.jar;C:\Users\ruoch\.m2\repository\org\springframework\boot\spring-boot-test-autoconfigure\2.7.4\spring-boot-test-autoconfigure-2.7.4.jar;C:\Users\ruoch\.m2\repository\com\jayway\jsonpath\json-path\2.7.0\json-path-2.7.0.jar;C:\Users\ruoch\.m2\repository\net\minidev\json-smart\2.4.8\json-smart-2.4.8.jar;C:\Users\ruoch\.m2\repository\net\minidev\accessors-smart\2.4.8\accessors-smart-2.4.8.jar;C:\Users\ruoch\.m2\repository\org\ow2\asm\asm\9.1\asm-9.1.jar;C:\Users\ruoch\.m2\repository\jakarta\xml\bind\jakarta.xml.bind-api\2.3.3\jakarta.xml.bind-api-2.3.3.jar;C:\Users\ruoch\.m2\repository\jakarta\activation\jakarta.activation-api\1.2.2\jakarta.activation-api-1.2.2.jar;C:\Users\ruoch\.m2\repository\org\assertj\assertj-core\3.22.0\assertj-core-3.22.0.jar;C:\Users\ruoch\.m2\repository\org\hamcrest\hamcrest\2.2\hamcrest-2.2.jar;C:\Users\ruoch\.m2\repository\org\junit\jupiter\junit-jupiter\5.8.2\junit-jupiter-5.8.2.jar;C:\Users\ruoch\.m2\repository\org\junit\jupiter\junit-jupiter-api\5.8.2\junit-jupiter-api-5.8.2.jar;C:\Users\ruoch\.m2\repository\org\junit\jupiter\junit-jupiter-params\5.8.2\junit-jupiter-params-5.8.2.jar;C:\Users\ruoch\.m2\repository\org\junit\jupiter\junit-jupiter-engine\5.8.2\junit-jupiter-engine-5.8.2.jar;C:\Users\ruoch\.m2\repository\org\mockito\mockito-core\4.5.1\mockito-core-4.5.1.jar;C:\Users\ruoch\.m2\repository\net\bytebuddy\byte-buddy\1.12.17\byte-buddy-1.12.17.jar;C:\Users\ruoch\.m2\repository\net\bytebuddy\byte-buddy-agent\1.12.17\byte-buddy-agent-1.12.17.jar;C:\Users\ruoch\.m2\repository\org\objenesis\objenesis\3.2\objenesis-3.2.jar;C:\Users\ruoch\.m2\repository\org\mockito\mockito-junit-jupiter\4.5.1\mockito-junit-jupiter-4.5.1.jar;C:\Users\ruoch\.m2\repository\org\skyscreamer\jsonassert\1.5.1\jsonassert-1.5.1.jar;C:\Users\ruoch\.m2\repository\com\vaadin\external\google\android-json\0.0.20131108.vaadin1\android-json-0.0.20131108.vaadin1.jar;C:\Users\ruoch\.m2\repository\org\springframework\spring-core\5.3.23\spring-core-5.3.23.jar;C:\Users\ruoch\.m2\repository\org\springframework\spring-jcl\5.3.23\spring-jcl-5.3.23.jar;C:\Users\ruoch\.m2\repository\org\springframework\spring-test\5.3.23\spring-test-5.3.23.jar;C:\Users\ruoch\.m2\repository\org\xmlunit\xmlunit-core\2.9.0\xmlunit-core-2.9.0.jar;C:\Users\ruoch\.m2\repository\org\springframework\boot\spring-boot-starter-data-jpa\2.7.4\spring-boot-starter-data-jpa-2.7.4.jar;C:\Users\ruoch\.m2\repository\org\springframework\boot\spring-boot-starter-aop\2.7.4\spring-boot-starter-aop-2.7.4.jar;C:\Users\ruoch\.m2\repository\org\aspectj\aspectjweaver\1.9.7\aspectjweaver-1.9.7.jar;C:\Users\ruoch\.m2\repository\org\springframework\boot\spring-boot-starter-jdbc\2.7.4\spring-boot-starter-jdbc-2.7.4.jar;C:\Users\ruoch\.m2\repository\com\zaxxer\HikariCP\4.0.3\HikariCP-4.0.3.jar;C:\Users\ruoch\.m2\repository\org\springframework\spring-jdbc\5.3.23\spring-jdbc-5.3.23.jar;C:\Users\ruoch\.m2\repository\jakarta\transaction\jakarta.transaction-api\1.3.3\jakarta.transaction-api-1.3.3.jar;C:\Users\ruoch\.m2\repository\jakarta\persistence\jakarta.persistence-api\2.2.3\jakarta.persistence-api-2.2.3.jar;C:\Users\ruoch\.m2\repository\org\hibernate\hibernate-core\5.6.11.Final\hibernate-core-5.6.11.Final.jar;C:\Users\ruoch\.m2\repository\org\jboss\logging\jboss-logging\3.4.3.Final\jboss-logging-3.4.3.Final.jar;C:\Users\ruoch\.m2\repository\antlr\antlr\2.7.7\antlr-2.7.7.jar;C:\Users\ruoch\.m2\repository\org\jboss\jandex\2.4.2.Final\jandex-2.4.2.Final.jar;C:\Users\ruoch\.m2\repository\com\fasterxml\classmate\1.5.1\classmate-1.5.1.jar;C:\Users\ruoch\.m2\repository\org\hibernate\common\hibernate-commons-annotations\5.1.2.Final\hibernate-commons-annotations-5.1.2.Final.jar;C:\Users\ruoch\.m2\repository\org\glassfish\jaxb\jaxb-runtime\2.3.6\jaxb-runtime-2.3.6.jar;C:\Users\ruoch\.m2\repository\org\glassfish\jaxb\txw2\2.3.6\txw2-2.3.6.jar;C:\Users\ruoch\.m2\repository\com\sun\istack\istack-commons-runtime\3.0.12\istack-commons-runtime-3.0.12.jar;C:\Users\ruoch\.m2\repository\com\sun\activation\jakarta.activation\1.2.2\jakarta.activation-1.2.2.jar;C:\Users\ruoch\.m2\repository\org\springframework\data\spring-data-jpa\2.7.3\spring-data-jpa-2.7.3.jar;C:\Users\ruoch\.m2\repository\org\springframework\data\spring-data-commons\2.7.3\spring-data-commons-2.7.3.jar;C:\Users\ruoch\.m2\repository\org\springframework\spring-orm\5.3.23\spring-orm-5.3.23.jar;C:\Users\ruoch\.m2\repository\org\springframework\spring-aspects\5.3.23\spring-aspects-5.3.23.jar;C:\Users\ruoch\.m2\repository\com\alibaba\druid-spring-boot-starter\1.2.5\druid-spring-boot-starter-1.2.5.jar;C:\Users\ruoch\.m2\repository\com\alibaba\druid\1.2.5\druid-1.2.5.jar;C:\Users\ruoch\.m2\repository\javax\annotation\javax.annotation-api\1.3.2\javax.annotation-api-1.3.2.jar;C:\Users\ruoch\.m2\repository\org\slf4j\slf4j-api\1.7.36\slf4j-api-1.7.36.jar;C:\Users\ruoch\.m2\repository\org\springframework\boot\spring-boot-autoconfigure\2.7.4\spring-boot-autoconfigure-2.7.4.jar;C:\Users\ruoch\.m2\repository\com\baomidou\mybatis-plus-boot-starter\3.4.3\mybatis-plus-boot-starter-3.4.3.jar;C:\Users\ruoch\.m2\repository\com\baomidou\mybatis-plus\3.4.3\mybatis-plus-3.4.3.jar;C:\Users\ruoch\.m2\repository\com\baomidou\mybatis-plus-extension\3.4.3\mybatis-plus-extension-3.4.3.jar;C:\Users\ruoch\.m2\repository\com\baomidou\mybatis-plus-core\3.4.3\mybatis-plus-core-3.4.3.jar;C:\Users\ruoch\.m2\repository\com\baomidou\mybatis-plus-annotation\3.4.3\mybatis-plus-annotation-3.4.3.jar;C:\Users\ruoch\.m2\repository\com\github\jsqlparser\jsqlparser\4.0\jsqlparser-4.0.jar;C:\Users\ruoch\.m2\repository\org\mybatis\mybatis\3.5.7\mybatis-3.5.7.jar;C:\Users\ruoch\.m2\repository\org\mybatis\mybatis-spring\2.0.6\mybatis-spring-2.0.6.jar;C:\Users\ruoch\.m2\repository\com\baomidou\mybatis-plus-boot-starter-test\3.5.2\mybatis-plus-boot-starter-test-3.5.2.jar;C:\Users\ruoch\.m2\repository\org\springframework\spring-tx\5.3.23\spring-tx-5.3.23.jar;C:\Users\ruoch\.m2\repository\org\projectlombok\lombok\1.18.24\lombok-1.18.24.jar;C:\Users\ruoch\.m2\repository\junit\junit\4.13.2\junit-4.13.2.jar;C:\Users\ruoch\.m2\repository\org\hamcrest\hamcrest-core\2.2\hamcrest-core-2.2.jar;"/>
    <property name="java.vm.vendor" value="Oracle Corporation"/>
    <property name="sun.arch.data.model" value="64"/>
    <property name="user.variant" value=""/>
    <property name="java.vendor.url" value="https://openjdk.java.net/"/>
    <property name="user.timezone" value="America/New_York"/>
    <property name="java.vm.specification.version" value="11"/>
    <property name="os.name" value="Windows 11"/>
    <property name="sun.java.launcher" value="SUN_STANDARD"/>
    <property name="user.country" value="US"/>
    <property name="sun.boot.library.path" value="C:\Program Files\Java\jdk-11.0.16.1\bin"/>
    <property name="sun.java.command" value="C:\Users\ruoch\AppData\Local\Temp\surefire9310157881135740539\surefirebooter-20221205231444982_3.jar C:\Users\ruoch\AppData\Local\Temp\surefire9310157881135740539 2022-12-05T23-14-44_720-jvmRun1 surefire-20221205231444982_1tmp surefire_0-20221205231444982_2tmp"/>
    <property name="jdk.debug" value="release"/>
    <property name="surefire.test.class.path" value="C:\Users\ruoch\Desktop\2022 FALL\CS4156 Advanced software engineering\CS4156_DrinkMoreWater\target\test-classes;C:\Users\ruoch\Desktop\2022 FALL\CS4156 Advanced software engineering\CS4156_DrinkMoreWater\target\classes;C:\Users\ruoch\.m2\repository\org\springframework\boot\spring-boot-starter-web\2.7.4\spring-boot-starter-web-2.7.4.jar;C:\Users\ruoch\.m2\repository\org\springframework\boot\spring-boot-starter\2.7.4\spring-boot-starter-2.7.4.jar;C:\Users\ruoch\.m2\repository\org\springframework\boot\spring-boot\2.7.4\spring-boot-2.7.4.jar;C:\Users\ruoch\.m2\repository\org\springframework\boot\spring-boot-starter-logging\2.7.4\spring-boot-starter-logging-2.7.4.jar;C:\Users\ruoch\.m2\repository\ch\qos\logback\logback-classic\1.2.11\logback-classic-1.2.11.jar;C:\Users\ruoch\.m2\repository\ch\qos\logback\logback-core\1.2.11\logback-core-1.2.11.jar;C:\Users\ruoch\.m2\repository\org\apache\logging\log4j\log4j-to-slf4j\2.17.2\log4j-to-slf4j-2.17.2.jar;C:\Users\ruoch\.m2\repository\org\apache\logging\log4j\log4j-api\2.17.2\log4j-api-2.17.2.jar;C:\Users\ruoch\.m2\repository\org\slf4j\jul-to-slf4j\1.7.36\jul-to-slf4j-1.7.36.jar;C:\Users\ruoch\.m2\repository\jakarta\annotation\jakarta.annotation-api\1.3.5\jakarta.annotation-api-1.3.5.jar;C:\Users\ruoch\.m2\repository\org\yaml\snakeyaml\1.30\snakeyaml-1.30.jar;C:\Users\ruoch\.m2\repository\org\springframework\boot\spring-boot-starter-json\2.7.4\spring-boot-starter-json-2.7.4.jar;C:\Users\ruoch\.m2\repository\com\fasterxml\jackson\core\jackson-databind\2.13.4\jackson-databind-2.13.4.jar;C:\Users\ruoch\.m2\repository\com\fasterxml\jackson\core\jackson-annotations\2.13.4\jackson-annotations-2.13.4.jar;C:\Users\ruoch\.m2\repository\com\fasterxml\jackson\core\jackson-core\2.13.4\jackson-core-2.13.4.jar;C:\Users\ruoch\.m2\repository\com\fasterxml\jackson\datatype\jackson-datatype-jdk8\2.13.4\jackson-datatype-jdk8-2.13.4.jar;C:\Users\ruoch\.m2\repository\com\fasterxml\jackson\datatype\jackson-datatype-jsr310\2.13.4\jackson-datatype-jsr310-2.13.4.jar;C:\Users\ruoch\.m2\repository\com\fasterxml\jackson\module\jackson-module-parameter-names\2.13.4\jackson-module-parameter-names-2.13.4.jar;C:\Users\ruoch\.m2\repository\org\springframework\boot\spring-boot-starter-tomcat\2.7.4\spring-boot-starter-tomcat-2.7.4.jar;C:\Users\ruoch\.m2\repository\org\apache\tomcat\embed\tomcat-embed-core\9.0.65\tomcat-embed-core-9.0.65.jar;C:\Users\ruoch\.m2\repository\org\apache\tomcat\embed\tomcat-embed-el\9.0.65\tomcat-embed-el-9.0.65.jar;C:\Users\ruoch\.m2\repository\org\apache\tomcat\embed\tomcat-embed-websocket\9.0.65\tomcat-embed-websocket-9.0.65.jar;C:\Users\ruoch\.m2\repository\org\springframework\spring-web\5.3.23\spring-web-5.3.23.jar;C:\Users\ruoch\.m2\repository\org\springframework\spring-beans\5.3.23\spring-beans-5.3.23.jar;C:\Users\ruoch\.m2\repository\org\springframework\spring-webmvc\5.3.23\spring-webmvc-5.3.23.jar;C:\Users\ruoch\.m2\repository\org\springframework\spring-aop\5.3.23\spring-aop-5.3.23.jar;C:\Users\ruoch\.m2\repository\org\springframework\spring-context\5.3.23\spring-context-5.3.23.jar;C:\Users\ruoch\.m2\repository\org\springframework\spring-expression\5.3.23\spring-expression-5.3.23.jar;C:\Users\ruoch\.m2\repository\org\junit\vintage\junit-vintage-engine\5.8.2\junit-vintage-engine-5.8.2.jar;C:\Users\ruoch\.m2\repository\org\junit\platform\junit-platform-engine\1.8.2\junit-platform-engine-1.8.2.jar;C:\Users\ruoch\.m2\repository\org\opentest4j\opentest4j\1.2.0\opentest4j-1.2.0.jar;C:\Users\ruoch\.m2\repository\org\junit\platform\junit-platform-commons\1.8.2\junit-platform-commons-1.8.2.jar;C:\Users\ruoch\.m2\repository\org\apiguardian\apiguardian-api\1.1.2\apiguardian-api-1.1.2.jar;C:\Users\ruoch\.m2\repository\mysql\mysql-connector-java\8.0.30\mysql-connector-java-8.0.30.jar;C:\Users\ruoch\.m2\repository\org\springframework\boot\spring-boot-starter-test\2.7.4\spring-boot-starter-test-2.7.4.jar;C:\Users\ruoch\.m2\repository\org\springframework\boot\spring-boot-test\2.7.4\spring-boot-test-2.7.4.jar;C:\Users\ruoch\.m2\repository\org\springframework\boot\spring-boot-test-autoconfigure\2.7.4\spring-boot-test-autoconfigure-2.7.4.jar;C:\Users\ruoch\.m2\repository\com\jayway\jsonpath\json-path\2.7.0\json-path-2.7.0.jar;C:\Users\ruoch\.m2\repository\net\minidev\json-smart\2.4.8\json-smart-2.4.8.jar;C:\Users\ruoch\.m2\repository\net\minidev\accessors-smart\2.4.8\accessors-smart-2.4.8.jar;C:\Users\ruoch\.m2\repository\org\ow2\asm\asm\9.1\asm-9.1.jar;C:\Users\ruoch\.m2\repository\jakarta\xml\bind\jakarta.xml.bind-api\2.3.3\jakarta.xml.bind-api-2.3.3.jar;C:\Users\ruoch\.m2\repository\jakarta\activation\jakarta.activation-api\1.2.2\jakarta.activation-api-1.2.2.jar;C:\Users\ruoch\.m2\repository\org\assertj\assertj-core\3.22.0\assertj-core-3.22.0.jar;C:\Users\ruoch\.m2\repository\org\hamcrest\hamcrest\2.2\hamcrest-2.2.jar;C:\Users\ruoch\.m2\repository\org\junit\jupiter\junit-jupiter\5.8.2\junit-jupiter-5.8.2.jar;C:\Users\ruoch\.m2\repository\org\junit\jupiter\junit-jupiter-api\5.8.2\junit-jupiter-api-5.8.2.jar;C:\Users\ruoch\.m2\repository\org\junit\jupiter\junit-jupiter-params\5.8.2\junit-jupiter-params-5.8.2.jar;C:\Users\ruoch\.m2\repository\org\junit\jupiter\junit-jupiter-engine\5.8.2\junit-jupiter-engine-5.8.2.jar;C:\Users\ruoch\.m2\repository\org\mockito\mockito-core\4.5.1\mockito-core-4.5.1.jar;C:\Users\ruoch\.m2\repository\net\bytebuddy\byte-buddy\1.12.17\byte-buddy-1.12.17.jar;C:\Users\ruoch\.m2\repository\net\bytebuddy\byte-buddy-agent\1.12.17\byte-buddy-agent-1.12.17.jar;C:\Users\ruoch\.m2\repository\org\objenesis\objenesis\3.2\objenesis-3.2.jar;C:\Users\ruoch\.m2\repository\org\mockito\mockito-junit-jupiter\4.5.1\mockito-junit-jupiter-4.5.1.jar;C:\Users\ruoch\.m2\repository\org\skyscreamer\jsonassert\1.5.1\jsonassert-1.5.1.jar;C:\Users\ruoch\.m2\repository\com\vaadin\external\google\android-json\0.0.20131108.vaadin1\android-json-0.0.20131108.vaadin1.jar;C:\Users\ruoch\.m2\repository\org\springframework\spring-core\5.3.23\spring-core-5.3.23.jar;C:\Users\ruoch\.m2\repository\org\springframework\spring-jcl\5.3.23\spring-jcl-5.3.23.jar;C:\Users\ruoch\.m2\repository\org\springframework\spring-test\5.3.23\spring-test-5.3.23.jar;C:\Users\ruoch\.m2\repository\org\xmlunit\xmlunit-core\2.9.0\xmlunit-core-2.9.0.jar;C:\Users\ruoch\.m2\repository\org\springframework\boot\spring-boot-starter-data-jpa\2.7.4\spring-boot-starter-data-jpa-2.7.4.jar;C:\Users\ruoch\.m2\repository\org\springframework\boot\spring-boot-starter-aop\2.7.4\spring-boot-starter-aop-2.7.4.jar;C:\Users\ruoch\.m2\repository\org\aspectj\aspectjweaver\1.9.7\aspectjweaver-1.9.7.jar;C:\Users\ruoch\.m2\repository\org\springframework\boot\spring-boot-starter-jdbc\2.7.4\spring-boot-starter-jdbc-2.7.4.jar;C:\Users\ruoch\.m2\repository\com\zaxxer\HikariCP\4.0.3\HikariCP-4.0.3.jar;C:\Users\ruoch\.m2\repository\org\springframework\spring-jdbc\5.3.23\spring-jdbc-5.3.23.jar;C:\Users\ruoch\.m2\repository\jakarta\transaction\jakarta.transaction-api\1.3.3\jakarta.transaction-api-1.3.3.jar;C:\Users\ruoch\.m2\repository\jakarta\persistence\jakarta.persistence-api\2.2.3\jakarta.persistence-api-2.2.3.jar;C:\Users\ruoch\.m2\repository\org\hibernate\hibernate-core\5.6.11.Final\hibernate-core-5.6.11.Final.jar;C:\Users\ruoch\.m2\repository\org\jboss\logging\jboss-logging\3.4.3.Final\jboss-logging-3.4.3.Final.jar;C:\Users\ruoch\.m2\repository\antlr\antlr\2.7.7\antlr-2.7.7.jar;C:\Users\ruoch\.m2\repository\org\jboss\jandex\2.4.2.Final\jandex-2.4.2.Final.jar;C:\Users\ruoch\.m2\repository\com\fasterxml\classmate\1.5.1\classmate-1.5.1.jar;C:\Users\ruoch\.m2\repository\org\hibernate\common\hibernate-commons-annotations\5.1.2.Final\hibernate-commons-annotations-5.1.2.Final.jar;C:\Users\ruoch\.m2\repository\org\glassfish\jaxb\jaxb-runtime\2.3.6\jaxb-runtime-2.3.6.jar;C:\Users\ruoch\.m2\repository\org\glassfish\jaxb\txw2\2.3.6\txw2-2.3.6.jar;C:\Users\ruoch\.m2\repository\com\sun\istack\istack-commons-runtime\3.0.12\istack-commons-runtime-3.0.12.jar;C:\Users\ruoch\.m2\repository\com\sun\activation\jakarta.activation\1.2.2\jakarta.activation-1.2.2.jar;C:\Users\ruoch\.m2\repository\org\springframework\data\spring-data-jpa\2.7.3\spring-data-jpa-2.7.3.jar;C:\Users\ruoch\.m2\repository\org\springframework\data\spring-data-commons\2.7.3\spring-data-commons-2.7.3.jar;C:\Users\ruoch\.m2\repository\org\springframework\spring-orm\5.3.23\spring-orm-5.3.23.jar;C:\Users\ruoch\.m2\repository\org\springframework\spring-aspects\5.3.23\spring-aspects-5.3.23.jar;C:\Users\ruoch\.m2\repository\com\alibaba\druid-spring-boot-starter\1.2.5\druid-spring-boot-starter-1.2.5.jar;C:\Users\ruoch\.m2\repository\com\alibaba\druid\1.2.5\druid-1.2.5.jar;C:\Users\ruoch\.m2\repository\javax\annotation\javax.annotation-api\1.3.2\javax.annotation-api-1.3.2.jar;C:\Users\ruoch\.m2\repository\org\slf4j\slf4j-api\1.7.36\slf4j-api-1.7.36.jar;C:\Users\ruoch\.m2\repository\org\springframework\boot\spring-boot-autoconfigure\2.7.4\spring-boot-autoconfigure-2.7.4.jar;C:\Users\ruoch\.m2\repository\com\baomidou\mybatis-plus-boot-starter\3.4.3\mybatis-plus-boot-starter-3.4.3.jar;C:\Users\ruoch\.m2\repository\com\baomidou\mybatis-plus\3.4.3\mybatis-plus-3.4.3.jar;C:\Users\ruoch\.m2\repository\com\baomidou\mybatis-plus-extension\3.4.3\mybatis-plus-extension-3.4.3.jar;C:\Users\ruoch\.m2\repository\com\baomidou\mybatis-plus-core\3.4.3\mybatis-plus-core-3.4.3.jar;C:\Users\ruoch\.m2\repository\com\baomidou\mybatis-plus-annotation\3.4.3\mybatis-plus-annotation-3.4.3.jar;C:\Users\ruoch\.m2\repository\com\github\jsqlparser\jsqlparser\4.0\jsqlparser-4.0.jar;C:\Users\ruoch\.m2\repository\org\mybatis\mybatis\3.5.7\mybatis-3.5.7.jar;C:\Users\ruoch\.m2\repository\org\mybatis\mybatis-spring\2.0.6\mybatis-spring-2.0.6.jar;C:\Users\ruoch\.m2\repository\com\baomidou\mybatis-plus-boot-starter-test\3.5.2\mybatis-plus-boot-starter-test-3.5.2.jar;C:\Users\ruoch\.m2\repository\org\springframework\spring-tx\5.3.23\spring-tx-5.3.23.jar;C:\Users\ruoch\.m2\repository\org\projectlombok\lombok\1.18.24\lombok-1.18.24.jar;C:\Users\ruoch\.m2\repository\junit\junit\4.13.2\junit-4.13.2.jar;C:\Users\ruoch\.m2\repository\org\hamcrest\hamcrest-core\2.2\hamcrest-core-2.2.jar;"/>
    <property name="sun.cpu.endian" value="little"/>
    <property name="user.home" value="C:\Users\ruoch"/>
    <property name="user.language" value="en"/>
    <property name="java.specification.vendor" value="Oracle Corporation"/>
    <property name="java.version.date" value="2022-08-18"/>
    <property name="java.home" value="C:\Program Files\Java\jdk-11.0.16.1"/>
    <property name="file.separator" value="\"/>
    <property name="basedir" value="C:\Users\ruoch\Desktop\2022 FALL\CS4156 Advanced software engineering\CS4156_DrinkMoreWater"/>
    <property name="java.vm.compressedOopsMode" value="Zero based"/>
    <property name="line.separator" value="&#10;"/>
    <property name="java.specification.name" value="Java Platform API Specification"/>
    <property name="java.vm.specification.vendor" value="Oracle Corporation"/>
    <property name="FILE_LOG_CHARSET" value="windows-1252"/>
    <property name="java.awt.graphicsenv" value="sun.awt.Win32GraphicsEnvironment"/>
    <property name="java.awt.headless" value="true"/>
    <property name="surefire.real.class.path" value="C:\Users\ruoch\AppData\Local\Temp\surefire9310157881135740539\surefirebooter-20221205231444982_3.jar"/>
    <property name="user.script" value=""/>
    <property name="sun.management.compiler" value="HotSpot 64-Bit Tiered Compilers"/>
    <property name="java.runtime.version" value="11.0.16.1+1-LTS-1"/>
    <property name="user.name" value="ruoch"/>
    <property name="path.separator" value=";"/>
    <property name="os.version" value="10.0"/>
    <property name="java.runtime.name" value="Java(TM) SE Runtime Environment"/>
    <property name="file.encoding" value="Cp1252"/>
    <property name="spring.beaninfo.ignore" value="true"/>
    <property name="java.vm.name" value="Java HotSpot(TM) 64-Bit Server VM"/>
    <property name="java.vendor.version" value="18.9"/>
    <property name="localRepository" value="C:\Users\ruoch\.m2\repository"/>
    <property name="java.vendor.url.bug" value="https://bugreport.java.com/bugreport/"/>
    <property name="java.io.tmpdir" value="C:\Users\ruoch\AppData\Local\Temp\"/>
    <property name="idea.version" value="2022.2.3"/>
    <property name="java.version" value="11.0.16.1"/>
    <property name="user.dir" value="C:\Users\ruoch\Desktop\2022 FALL\CS4156 Advanced software engineering\CS4156_DrinkMoreWater"/>
    <property name="os.arch" value="amd64"/>
    <property name="java.vm.specification.name" value="Java Virtual Machine Specification"/>
    <property name="PID" value="11320"/>
    <property name="java.awt.printerjob" value="sun.awt.windows.WPrinterJob"/>
    <property name="sun.os.patch.level" value=""/>
    <property name="CONSOLE_LOG_CHARSET" value="windows-1252"/>
    <property name="java.library.path" value="C:\Program Files\Java\jdk-11.0.16.1\bin;C:\WINDOWS\Sun\Java\bin;C:\WINDOWS\system32;C:\WINDOWS;E:\VM\bin\;C:\Program Files\Common Files\Oracle\Java\javapath;C:\Program Files\Eclipse Adoptium\jdk-11.0.16.101-hotspot\bin;C:\Windows\system32;C:\Windows;C:\Windows\System32\Wbem;C:\Windows\System32\WindowsPowerShell\v1.0\;C:\Windows\System32\OpenSSH\;C:\Program Files (x86)\NVIDIA Corporation\PhysX\Common;C:\Program Files\NVIDIA Corporation\NVIDIA NvDLISR;C:\Program Files\dotnet\;C:\Program Files\Git\cmd;C:\WINDOWS\system32;C:\WINDOWS;C:\WINDOWS\System32\Wbem;C:\WINDOWS\System32\WindowsPowerShell\v1.0\;C:\WINDOWS\System32\OpenSSH\;C:\Program Files (x86)\PharosSystems\Core;C:\Users\ruoch\AppData\Local\Microsoft\WindowsApps;C:\Users\ruoch\AppData\Local\Programs\Microsoft VS Code\bin;C:\Users\ruoch\AppData\Local\Microsoft\WindowsApps\PythonSoftwareFoundation.Python.3.10_3.10.1264.0_x64_qbz5n2kfra8p0\Scripts;C:\Users\ruoch\AppData\Local\Microsoft\WindowsApps\PythonSoftwareFoundation.Python.3.10_3.10.1264.0_x64_qbz5n2kfra8p0\Site-Packages;C:\Users\ruoch\AppData\Local\Packages\PythonSoftwareFoundation.Python.3.10_qbz5n2kfra8p0\LocalCache\local-packages\Python310\Scripts;;C:\Program Files\JetBrains\IntelliJ IDEA 2022.2.3\bin;;."/>
    <property name="java.vendor" value="Oracle Corporation"/>
    <property name="java.vm.info" value="mixed mode"/>
    <property name="java.vm.version" value="11.0.16.1+1-LTS-1"/>
    <property name="sun.io.unicode.encoding" value="UnicodeLittle"/>
    <property name="java.class.version" value="55.0"/>
  </properties>
  <testcase name="testCountByRestId" classname="com.cs4256.drinkmorewater.BookmarkTests" time="0.065">
    <system-out><![CDATA[23:14:45.574 [main] DEBUG org.springframework.test.context.junit4.SpringJUnit4ClassRunner - SpringJUnit4ClassRunner constructor called with [class com.cs4256.drinkmorewater.BookmarkTests]
23:14:45.581 [main] DEBUG org.springframework.test.context.BootstrapUtils - Instantiating CacheAwareContextLoaderDelegate from class [org.springframework.test.context.cache.DefaultCacheAwareContextLoaderDelegate]
23:14:45.587 [main] DEBUG org.springframework.test.context.BootstrapUtils - Instantiating BootstrapContext using constructor [public org.springframework.test.context.support.DefaultBootstrapContext(java.lang.Class,org.springframework.test.context.CacheAwareContextLoaderDelegate)]
23:14:45.619 [main] DEBUG org.springframework.test.context.BootstrapUtils - Instantiating TestContextBootstrapper for test class [com.cs4256.drinkmorewater.BookmarkTests] from class [org.springframework.boot.test.context.SpringBootTestContextBootstrapper]
23:14:45.627 [main] INFO org.springframework.boot.test.context.SpringBootTestContextBootstrapper - Neither @ContextConfiguration nor @ContextHierarchy found for test class [com.cs4256.drinkmorewater.BookmarkTests], using SpringBootContextLoader
23:14:45.631 [main] DEBUG org.springframework.test.context.support.AbstractContextLoader - Did not detect default resource location for test class [com.cs4256.drinkmorewater.BookmarkTests]: class path resource [com/cs4256/drinkmorewater/BookmarkTests-context.xml] does not exist
23:14:45.631 [main] DEBUG org.springframework.test.context.support.AbstractContextLoader - Did not detect default resource location for test class [com.cs4256.drinkmorewater.BookmarkTests]: class path resource [com/cs4256/drinkmorewater/BookmarkTestsContext.groovy] does not exist
23:14:45.631 [main] INFO org.springframework.test.context.support.AbstractContextLoader - Could not detect default resource locations for test class [com.cs4256.drinkmorewater.BookmarkTests]: no resource found for suffixes {-context.xml, Context.groovy}.
23:14:45.632 [main] INFO org.springframework.test.context.support.AnnotationConfigContextLoaderUtils - Could not detect default configuration classes for test class [com.cs4256.drinkmorewater.BookmarkTests]: BookmarkTests does not declare any static, non-private, non-final, nested classes annotated with @Configuration.
23:14:45.677 [main] DEBUG org.springframework.test.context.support.ActiveProfilesUtils - Could not find an 'annotation declaring class' for annotation type [org.springframework.test.context.ActiveProfiles] and class [com.cs4256.drinkmorewater.BookmarkTests]
23:14:45.741 [main] DEBUG org.springframework.context.annotation.ClassPathScanningCandidateComponentProvider - Identified candidate component class: file [C:\Users\ruoch\Desktop\2022 FALL\CS4156 Advanced software engineering\CS4156_DrinkMoreWater\target\classes\com\cs4256\drinkmorewater\DrinkMoreWaterApplication.class]
23:14:45.743 [main] INFO org.springframework.boot.test.context.SpringBootTestContextBootstrapper - Found @SpringBootConfiguration com.cs4256.drinkmorewater.DrinkMoreWaterApplication for test class com.cs4256.drinkmorewater.BookmarkTests
23:14:45.834 [main] DEBUG org.springframework.boot.test.context.SpringBootTestContextBootstrapper - @TestExecutionListeners is not present for class [com.cs4256.drinkmorewater.BookmarkTests]: using defaults.
23:14:45.835 [main] INFO org.springframework.boot.test.context.SpringBootTestContextBootstrapper - Loaded default TestExecutionListener class names from location [META-INF/spring.factories]: [org.springframework.boot.test.mock.mockito.MockitoTestExecutionListener, org.springframework.boot.test.mock.mockito.ResetMocksTestExecutionListener, org.springframework.boot.test.autoconfigure.restdocs.RestDocsTestExecutionListener, org.springframework.boot.test.autoconfigure.web.client.MockRestServiceServerResetTestExecutionListener, org.springframework.boot.test.autoconfigure.web.servlet.MockMvcPrintOnlyOnFailureTestExecutionListener, org.springframework.boot.test.autoconfigure.web.servlet.WebDriverTestExecutionListener, org.springframework.boot.test.autoconfigure.webservices.client.MockWebServiceServerTestExecutionListener, org.springframework.test.context.web.ServletTestExecutionListener, org.springframework.test.context.support.DirtiesContextBeforeModesTestExecutionListener, org.springframework.test.context.event.ApplicationEventsTestExecutionListener, org.springframework.test.context.support.DependencyInjectionTestExecutionListener, org.springframework.test.context.support.DirtiesContextTestExecutionListener, org.springframework.test.context.transaction.TransactionalTestExecutionListener, org.springframework.test.context.jdbc.SqlScriptsTestExecutionListener, org.springframework.test.context.event.EventPublishingTestExecutionListener]
23:14:45.851 [main] INFO org.springframework.boot.test.context.SpringBootTestContextBootstrapper - Using TestExecutionListeners: [org.springframework.test.context.web.ServletTestExecutionListener@4b9df8a, org.springframework.test.context.support.DirtiesContextBeforeModesTestExecutionListener@5e8ac0e1, org.springframework.test.context.event.ApplicationEventsTestExecutionListener@aafcffa, org.springframework.boot.test.mock.mockito.MockitoTestExecutionListener@6955cb39, org.springframework.boot.test.autoconfigure.SpringBootDependencyInjectionTestExecutionListener@235a0c16, org.springframework.test.context.support.DirtiesContextTestExecutionListener@2b5f4d54, org.springframework.test.context.transaction.TransactionalTestExecutionListener@5f7b97da, org.springframework.test.context.jdbc.SqlScriptsTestExecutionListener@18b0930f, org.springframework.test.context.event.EventPublishingTestExecutionListener@6b7906b3, org.springframework.boot.test.mock.mockito.ResetMocksTestExecutionListener@3a1dd365, org.springframework.boot.test.autoconfigure.restdocs.RestDocsTestExecutionListener@395b56bb, org.springframework.boot.test.autoconfigure.web.client.MockRestServiceServerResetTestExecutionListener@256f8274, org.springframework.boot.test.autoconfigure.web.servlet.MockMvcPrintOnlyOnFailureTestExecutionListener@68044f4, org.springframework.boot.test.autoconfigure.web.servlet.WebDriverTestExecutionListener@52d239ba, org.springframework.boot.test.autoconfigure.webservices.client.MockWebServiceServerTestExecutionListener@315f43d5]
23:14:45.853 [main] DEBUG org.springframework.test.annotation.ProfileValueUtils - Retrieved @ProfileValueSourceConfiguration [null] for test class [com.cs4256.drinkmorewater.BookmarkTests]
23:14:45.854 [main] DEBUG org.springframework.test.annotation.ProfileValueUtils - Retrieved ProfileValueSource type [class org.springframework.test.annotation.SystemProfileValueSource] for class [com.cs4256.drinkmorewater.BookmarkTests]
23:14:45.856 [main] DEBUG org.springframework.test.annotation.ProfileValueUtils - Retrieved @ProfileValueSourceConfiguration [null] for test class [com.cs4256.drinkmorewater.BookmarkTests]
23:14:45.856 [main] DEBUG org.springframework.test.annotation.ProfileValueUtils - Retrieved ProfileValueSource type [class org.springframework.test.annotation.SystemProfileValueSource] for class [com.cs4256.drinkmorewater.BookmarkTests]
23:14:45.859 [main] DEBUG org.springframework.test.annotation.ProfileValueUtils - Retrieved @ProfileValueSourceConfiguration [null] for test class [com.cs4256.drinkmorewater.BookmarkTests]
23:14:45.859 [main] DEBUG org.springframework.test.annotation.ProfileValueUtils - Retrieved ProfileValueSource type [class org.springframework.test.annotation.SystemProfileValueSource] for class [com.cs4256.drinkmorewater.BookmarkTests]
23:14:45.915 [main] DEBUG org.springframework.test.context.junit4.SpringJUnit4ClassRunner - SpringJUnit4ClassRunner constructor called with [class com.cs4256.drinkmorewater.DishTests]
23:14:45.915 [main] DEBUG org.springframework.test.context.BootstrapUtils - Instantiating CacheAwareContextLoaderDelegate from class [org.springframework.test.context.cache.DefaultCacheAwareContextLoaderDelegate]
23:14:45.916 [main] DEBUG org.springframework.test.context.BootstrapUtils - Instantiating BootstrapContext using constructor [public org.springframework.test.context.support.DefaultBootstrapContext(java.lang.Class,org.springframework.test.context.CacheAwareContextLoaderDelegate)]
23:14:45.916 [main] DEBUG org.springframework.test.context.BootstrapUtils - Instantiating TestContextBootstrapper for test class [com.cs4256.drinkmorewater.DishTests] from class [org.springframework.boot.test.context.SpringBootTestContextBootstrapper]
23:14:45.916 [main] INFO org.springframework.boot.test.context.SpringBootTestContextBootstrapper - Neither @ContextConfiguration nor @ContextHierarchy found for test class [com.cs4256.drinkmorewater.DishTests], using SpringBootContextLoader
23:14:45.917 [main] DEBUG org.springframework.test.context.support.AbstractContextLoader - Did not detect default resource location for test class [com.cs4256.drinkmorewater.DishTests]: class path resource [com/cs4256/drinkmorewater/DishTests-context.xml] does not exist
23:14:45.917 [main] DEBUG org.springframework.test.context.support.AbstractContextLoader - Did not detect default resource location for test class [com.cs4256.drinkmorewater.DishTests]: class path resource [com/cs4256/drinkmorewater/DishTestsContext.groovy] does not exist
23:14:45.918 [main] INFO org.springframework.test.context.support.AbstractContextLoader - Could not detect default resource locations for test class [com.cs4256.drinkmorewater.DishTests]: no resource found for suffixes {-context.xml, Context.groovy}.
23:14:45.918 [main] INFO org.springframework.test.context.support.AnnotationConfigContextLoaderUtils - Could not detect default configuration classes for test class [com.cs4256.drinkmorewater.DishTests]: DishTests does not declare any static, non-private, non-final, nested classes annotated with @Configuration.
23:14:45.922 [main] DEBUG org.springframework.test.context.support.ActiveProfilesUtils - Could not find an 'annotation declaring class' for annotation type [org.springframework.test.context.ActiveProfiles] and class [com.cs4256.drinkmorewater.DishTests]
23:14:45.922 [main] INFO org.springframework.boot.test.context.SpringBootTestContextBootstrapper - Found @SpringBootConfiguration com.cs4256.drinkmorewater.DrinkMoreWaterApplication for test class com.cs4256.drinkmorewater.DishTests
23:14:45.924 [main] DEBUG org.springframework.boot.test.context.SpringBootTestContextBootstrapper - @TestExecutionListeners is not present for class [com.cs4256.drinkmorewater.DishTests]: using defaults.
23:14:45.925 [main] INFO org.springframework.boot.test.context.SpringBootTestContextBootstrapper - Loaded default TestExecutionListener class names from location [META-INF/spring.factories]: [org.springframework.boot.test.mock.mockito.MockitoTestExecutionListener, org.springframework.boot.test.mock.mockito.ResetMocksTestExecutionListener, org.springframework.boot.test.autoconfigure.restdocs.RestDocsTestExecutionListener, org.springframework.boot.test.autoconfigure.web.client.MockRestServiceServerResetTestExecutionListener, org.springframework.boot.test.autoconfigure.web.servlet.MockMvcPrintOnlyOnFailureTestExecutionListener, org.springframework.boot.test.autoconfigure.web.servlet.WebDriverTestExecutionListener, org.springframework.boot.test.autoconfigure.webservices.client.MockWebServiceServerTestExecutionListener, org.springframework.test.context.web.ServletTestExecutionListener, org.springframework.test.context.support.DirtiesContextBeforeModesTestExecutionListener, org.springframework.test.context.event.ApplicationEventsTestExecutionListener, org.springframework.test.context.support.DependencyInjectionTestExecutionListener, org.springframework.test.context.support.DirtiesContextTestExecutionListener, org.springframework.test.context.transaction.TransactionalTestExecutionListener, org.springframework.test.context.jdbc.SqlScriptsTestExecutionListener, org.springframework.test.context.event.EventPublishingTestExecutionListener]
23:14:45.925 [main] INFO org.springframework.boot.test.context.SpringBootTestContextBootstrapper - Using TestExecutionListeners: [org.springframework.test.context.web.ServletTestExecutionListener@5b43fbf6, org.springframework.test.context.support.DirtiesContextBeforeModesTestExecutionListener@1080b026, org.springframework.test.context.event.ApplicationEventsTestExecutionListener@58ebfd03, org.springframework.boot.test.mock.mockito.MockitoTestExecutionListener@5b07730f, org.springframework.boot.test.autoconfigure.SpringBootDependencyInjectionTestExecutionListener@1fdfafd2, org.springframework.test.context.support.DirtiesContextTestExecutionListener@a4b2d8f, org.springframework.test.context.transaction.TransactionalTestExecutionListener@dcfda20, org.springframework.test.context.jdbc.SqlScriptsTestExecutionListener@6d304f9d, org.springframework.test.context.event.EventPublishingTestExecutionListener@f73dcd6, org.springframework.boot.test.mock.mockito.ResetMocksTestExecutionListener@5c87bfe2, org.springframework.boot.test.autoconfigure.restdocs.RestDocsTestExecutionListener@2fea7088, org.springframework.boot.test.autoconfigure.web.client.MockRestServiceServerResetTestExecutionListener@40499e4f, org.springframework.boot.test.autoconfigure.web.servlet.MockMvcPrintOnlyOnFailureTestExecutionListener@51cd7ffc, org.springframework.boot.test.autoconfigure.web.servlet.WebDriverTestExecutionListener@30d4b288, org.springframework.boot.test.autoconfigure.webservices.client.MockWebServiceServerTestExecutionListener@4cc6fa2a]
23:14:45.925 [main] DEBUG org.springframework.test.annotation.ProfileValueUtils - Retrieved @ProfileValueSourceConfiguration [null] for test class [com.cs4256.drinkmorewater.DishTests]
23:14:45.925 [main] DEBUG org.springframework.test.annotation.ProfileValueUtils - Retrieved ProfileValueSource type [class org.springframework.test.annotation.SystemProfileValueSource] for class [com.cs4256.drinkmorewater.DishTests]
23:14:45.926 [main] DEBUG org.springframework.test.annotation.ProfileValueUtils - Retrieved @ProfileValueSourceConfiguration [null] for test class [com.cs4256.drinkmorewater.DishTests]
23:14:45.926 [main] DEBUG org.springframework.test.annotation.ProfileValueUtils - Retrieved ProfileValueSource type [class org.springframework.test.annotation.SystemProfileValueSource] for class [com.cs4256.drinkmorewater.DishTests]
23:14:45.926 [main] DEBUG org.springframework.test.annotation.ProfileValueUtils - Retrieved @ProfileValueSourceConfiguration [null] for test class [com.cs4256.drinkmorewater.DishTests]
23:14:45.926 [main] DEBUG org.springframework.test.annotation.ProfileValueUtils - Retrieved ProfileValueSource type [class org.springframework.test.annotation.SystemProfileValueSource] for class [com.cs4256.drinkmorewater.DishTests]
23:14:45.963 [main] DEBUG org.springframework.test.context.junit4.SpringJUnit4ClassRunner - SpringJUnit4ClassRunner constructor called with [class com.cs4256.drinkmorewater.OrderDishTests]
23:14:45.963 [main] DEBUG org.springframework.test.context.BootstrapUtils - Instantiating CacheAwareContextLoaderDelegate from class [org.springframework.test.context.cache.DefaultCacheAwareContextLoaderDelegate]
23:14:45.963 [main] DEBUG org.springframework.test.context.BootstrapUtils - Instantiating BootstrapContext using constructor [public org.springframework.test.context.support.DefaultBootstrapContext(java.lang.Class,org.springframework.test.context.CacheAwareContextLoaderDelegate)]
23:14:45.964 [main] DEBUG org.springframework.test.context.BootstrapUtils - Instantiating TestContextBootstrapper for test class [com.cs4256.drinkmorewater.OrderDishTests] from class [org.springframework.boot.test.context.SpringBootTestContextBootstrapper]
23:14:45.964 [main] INFO org.springframework.boot.test.context.SpringBootTestContextBootstrapper - Neither @ContextConfiguration nor @ContextHierarchy found for test class [com.cs4256.drinkmorewater.OrderDishTests], using SpringBootContextLoader
23:14:45.964 [main] DEBUG org.springframework.test.context.support.AbstractContextLoader - Did not detect default resource location for test class [com.cs4256.drinkmorewater.OrderDishTests]: class path resource [com/cs4256/drinkmorewater/OrderDishTests-context.xml] does not exist
23:14:45.965 [main] DEBUG org.springframework.test.context.support.AbstractContextLoader - Did not detect default resource location for test class [com.cs4256.drinkmorewater.OrderDishTests]: class path resource [com/cs4256/drinkmorewater/OrderDishTestsContext.groovy] does not exist
23:14:45.965 [main] INFO org.springframework.test.context.support.AbstractContextLoader - Could not detect default resource locations for test class [com.cs4256.drinkmorewater.OrderDishTests]: no resource found for suffixes {-context.xml, Context.groovy}.
23:14:45.965 [main] INFO org.springframework.test.context.support.AnnotationConfigContextLoaderUtils - Could not detect default configuration classes for test class [com.cs4256.drinkmorewater.OrderDishTests]: OrderDishTests does not declare any static, non-private, non-final, nested classes annotated with @Configuration.
23:14:45.967 [main] DEBUG org.springframework.test.context.support.ActiveProfilesUtils - Could not find an 'annotation declaring class' for annotation type [org.springframework.test.context.ActiveProfiles] and class [com.cs4256.drinkmorewater.OrderDishTests]
23:14:45.967 [main] INFO org.springframework.boot.test.context.SpringBootTestContextBootstrapper - Found @SpringBootConfiguration com.cs4256.drinkmorewater.DrinkMoreWaterApplication for test class com.cs4256.drinkmorewater.OrderDishTests
23:14:45.969 [main] DEBUG org.springframework.boot.test.context.SpringBootTestContextBootstrapper - @TestExecutionListeners is not present for class [com.cs4256.drinkmorewater.OrderDishTests]: using defaults.
23:14:45.969 [main] INFO org.springframework.boot.test.context.SpringBootTestContextBootstrapper - Loaded default TestExecutionListener class names from location [META-INF/spring.factories]: [org.springframework.boot.test.mock.mockito.MockitoTestExecutionListener, org.springframework.boot.test.mock.mockito.ResetMocksTestExecutionListener, org.springframework.boot.test.autoconfigure.restdocs.RestDocsTestExecutionListener, org.springframework.boot.test.autoconfigure.web.client.MockRestServiceServerResetTestExecutionListener, org.springframework.boot.test.autoconfigure.web.servlet.MockMvcPrintOnlyOnFailureTestExecutionListener, org.springframework.boot.test.autoconfigure.web.servlet.WebDriverTestExecutionListener, org.springframework.boot.test.autoconfigure.webservices.client.MockWebServiceServerTestExecutionListener, org.springframework.test.context.web.ServletTestExecutionListener, org.springframework.test.context.support.DirtiesContextBeforeModesTestExecutionListener, org.springframework.test.context.event.ApplicationEventsTestExecutionListener, org.springframework.test.context.support.DependencyInjectionTestExecutionListener, org.springframework.test.context.support.DirtiesContextTestExecutionListener, org.springframework.test.context.transaction.TransactionalTestExecutionListener, org.springframework.test.context.jdbc.SqlScriptsTestExecutionListener, org.springframework.test.context.event.EventPublishingTestExecutionListener]
23:14:45.970 [main] INFO org.springframework.boot.test.context.SpringBootTestContextBootstrapper - Using TestExecutionListeners: [org.springframework.test.context.web.ServletTestExecutionListener@83298d7, org.springframework.test.context.support.DirtiesContextBeforeModesTestExecutionListener@42a9e5d1, org.springframework.test.context.event.ApplicationEventsTestExecutionListener@5b080f3a, org.springframework.boot.test.mock.mockito.MockitoTestExecutionListener@773cbf4f, org.springframework.boot.test.autoconfigure.SpringBootDependencyInjectionTestExecutionListener@6b54655f, org.springframework.test.context.support.DirtiesContextTestExecutionListener@665e9289, org.springframework.test.context.transaction.TransactionalTestExecutionListener@7d3430a7, org.springframework.test.context.jdbc.SqlScriptsTestExecutionListener@6f603e89, org.springframework.test.context.event.EventPublishingTestExecutionListener@2756c0a7, org.springframework.boot.test.mock.mockito.ResetMocksTestExecutionListener@350ec41e, org.springframework.boot.test.autoconfigure.restdocs.RestDocsTestExecutionListener@69637b10, org.springframework.boot.test.autoconfigure.web.client.MockRestServiceServerResetTestExecutionListener@71984c3, org.springframework.boot.test.autoconfigure.web.servlet.MockMvcPrintOnlyOnFailureTestExecutionListener@165b2f7f, org.springframework.boot.test.autoconfigure.web.servlet.WebDriverTestExecutionListener@5536379e, org.springframework.boot.test.autoconfigure.webservices.client.MockWebServiceServerTestExecutionListener@277f7dd3]
23:14:45.970 [main] DEBUG org.springframework.test.annotation.ProfileValueUtils - Retrieved @ProfileValueSourceConfiguration [null] for test class [com.cs4256.drinkmorewater.OrderDishTests]
23:14:45.970 [main] DEBUG org.springframework.test.annotation.ProfileValueUtils - Retrieved ProfileValueSource type [class org.springframework.test.annotation.SystemProfileValueSource] for class [com.cs4256.drinkmorewater.OrderDishTests]
23:14:45.970 [main] DEBUG org.springframework.test.annotation.ProfileValueUtils - Retrieved @ProfileValueSourceConfiguration [null] for test class [com.cs4256.drinkmorewater.OrderDishTests]
23:14:45.970 [main] DEBUG org.springframework.test.annotation.ProfileValueUtils - Retrieved ProfileValueSource type [class org.springframework.test.annotation.SystemProfileValueSource] for class [com.cs4256.drinkmorewater.OrderDishTests]
23:14:45.970 [main] DEBUG org.springframework.test.annotation.ProfileValueUtils - Retrieved @ProfileValueSourceConfiguration [null] for test class [com.cs4256.drinkmorewater.OrderDishTests]
23:14:45.971 [main] DEBUG org.springframework.test.annotation.ProfileValueUtils - Retrieved ProfileValueSource type [class org.springframework.test.annotation.SystemProfileValueSource] for class [com.cs4256.drinkmorewater.OrderDishTests]
23:14:45.976 [main] DEBUG org.springframework.test.context.junit4.SpringJUnit4ClassRunner - SpringJUnit4ClassRunner constructor called with [class com.cs4256.drinkmorewater.OrderProfileTests]
23:14:45.976 [main] DEBUG org.springframework.test.context.BootstrapUtils - Instantiating CacheAwareContextLoaderDelegate from class [org.springframework.test.context.cache.DefaultCacheAwareContextLoaderDelegate]
23:14:45.976 [main] DEBUG org.springframework.test.context.BootstrapUtils - Instantiating BootstrapContext using constructor [public org.springframework.test.context.support.DefaultBootstrapContext(java.lang.Class,org.springframework.test.context.CacheAwareContextLoaderDelegate)]
23:14:45.977 [main] DEBUG org.springframework.test.context.BootstrapUtils - Instantiating TestContextBootstrapper for test class [com.cs4256.drinkmorewater.OrderProfileTests] from class [org.springframework.boot.test.context.SpringBootTestContextBootstrapper]
23:14:45.977 [main] INFO org.springframework.boot.test.context.SpringBootTestContextBootstrapper - Neither @ContextConfiguration nor @ContextHierarchy found for test class [com.cs4256.drinkmorewater.OrderProfileTests], using SpringBootContextLoader
23:14:45.978 [main] DEBUG org.springframework.test.context.support.AbstractContextLoader - Did not detect default resource location for test class [com.cs4256.drinkmorewater.OrderProfileTests]: class path resource [com/cs4256/drinkmorewater/OrderProfileTests-context.xml] does not exist
23:14:45.978 [main] DEBUG org.springframework.test.context.support.AbstractContextLoader - Did not detect default resource location for test class [com.cs4256.drinkmorewater.OrderProfileTests]: class path resource [com/cs4256/drinkmorewater/OrderProfileTestsContext.groovy] does not exist
23:14:45.978 [main] INFO org.springframework.test.context.support.AbstractContextLoader - Could not detect default resource locations for test class [com.cs4256.drinkmorewater.OrderProfileTests]: no resource found for suffixes {-context.xml, Context.groovy}.
23:14:45.979 [main] INFO org.springframework.test.context.support.AnnotationConfigContextLoaderUtils - Could not detect default configuration classes for test class [com.cs4256.drinkmorewater.OrderProfileTests]: OrderProfileTests does not declare any static, non-private, non-final, nested classes annotated with @Configuration.
23:14:45.980 [main] DEBUG org.springframework.test.context.support.ActiveProfilesUtils - Could not find an 'annotation declaring class' for annotation type [org.springframework.test.context.ActiveProfiles] and class [com.cs4256.drinkmorewater.OrderProfileTests]
23:14:45.981 [main] INFO org.springframework.boot.test.context.SpringBootTestContextBootstrapper - Found @SpringBootConfiguration com.cs4256.drinkmorewater.DrinkMoreWaterApplication for test class com.cs4256.drinkmorewater.OrderProfileTests
23:14:45.982 [main] DEBUG org.springframework.boot.test.context.SpringBootTestContextBootstrapper - @TestExecutionListeners is not present for class [com.cs4256.drinkmorewater.OrderProfileTests]: using defaults.
23:14:45.983 [main] INFO org.springframework.boot.test.context.SpringBootTestContextBootstrapper - Loaded default TestExecutionListener class names from location [META-INF/spring.factories]: [org.springframework.boot.test.mock.mockito.MockitoTestExecutionListener, org.springframework.boot.test.mock.mockito.ResetMocksTestExecutionListener, org.springframework.boot.test.autoconfigure.restdocs.RestDocsTestExecutionListener, org.springframework.boot.test.autoconfigure.web.client.MockRestServiceServerResetTestExecutionListener, org.springframework.boot.test.autoconfigure.web.servlet.MockMvcPrintOnlyOnFailureTestExecutionListener, org.springframework.boot.test.autoconfigure.web.servlet.WebDriverTestExecutionListener, org.springframework.boot.test.autoconfigure.webservices.client.MockWebServiceServerTestExecutionListener, org.springframework.test.context.web.ServletTestExecutionListener, org.springframework.test.context.support.DirtiesContextBeforeModesTestExecutionListener, org.springframework.test.context.event.ApplicationEventsTestExecutionListener, org.springframework.test.context.support.DependencyInjectionTestExecutionListener, org.springframework.test.context.support.DirtiesContextTestExecutionListener, org.springframework.test.context.transaction.TransactionalTestExecutionListener, org.springframework.test.context.jdbc.SqlScriptsTestExecutionListener, org.springframework.test.context.event.EventPublishingTestExecutionListener]
23:14:45.983 [main] INFO org.springframework.boot.test.context.SpringBootTestContextBootstrapper - Using TestExecutionListeners: [org.springframework.test.context.web.ServletTestExecutionListener@3f1c5af9, org.springframework.test.context.support.DirtiesContextBeforeModesTestExecutionListener@1c55f277, org.springframework.test.context.event.ApplicationEventsTestExecutionListener@5ddabb18, org.springframework.boot.test.mock.mockito.MockitoTestExecutionListener@3e8f7922, org.springframework.boot.test.autoconfigure.SpringBootDependencyInjectionTestExecutionListener@63192798, org.springframework.test.context.support.DirtiesContextTestExecutionListener@50eca7c6, org.springframework.test.context.transaction.TransactionalTestExecutionListener@58e6d4b8, org.springframework.test.context.jdbc.SqlScriptsTestExecutionListener@1de5f0ef, org.springframework.test.context.event.EventPublishingTestExecutionListener@376a312c, org.springframework.boot.test.mock.mockito.ResetMocksTestExecutionListener@28d6290, org.springframework.boot.test.autoconfigure.restdocs.RestDocsTestExecutionListener@6ca0256d, org.springframework.boot.test.autoconfigure.web.client.MockRestServiceServerResetTestExecutionListener@5ef0d29e, org.springframework.boot.test.autoconfigure.web.servlet.MockMvcPrintOnlyOnFailureTestExecutionListener@38f57b3d, org.springframework.boot.test.autoconfigure.web.servlet.WebDriverTestExecutionListener@51850751, org.springframework.boot.test.autoconfigure.webservices.client.MockWebServiceServerTestExecutionListener@3ce3db41]
23:14:45.983 [main] DEBUG org.springframework.test.annotation.ProfileValueUtils - Retrieved @ProfileValueSourceConfiguration [null] for test class [com.cs4256.drinkmorewater.OrderProfileTests]
23:14:45.983 [main] DEBUG org.springframework.test.annotation.ProfileValueUtils - Retrieved ProfileValueSource type [class org.springframework.test.annotation.SystemProfileValueSource] for class [com.cs4256.drinkmorewater.OrderProfileTests]
23:14:45.984 [main] DEBUG org.springframework.test.annotation.ProfileValueUtils - Retrieved @ProfileValueSourceConfiguration [null] for test class [com.cs4256.drinkmorewater.OrderProfileTests]
23:14:45.984 [main] DEBUG org.springframework.test.annotation.ProfileValueUtils - Retrieved ProfileValueSource type [class org.springframework.test.annotation.SystemProfileValueSource] for class [com.cs4256.drinkmorewater.OrderProfileTests]
23:14:45.984 [main] DEBUG org.springframework.test.annotation.ProfileValueUtils - Retrieved @ProfileValueSourceConfiguration [null] for test class [com.cs4256.drinkmorewater.OrderProfileTests]
23:14:45.984 [main] DEBUG org.springframework.test.annotation.ProfileValueUtils - Retrieved ProfileValueSource type [class org.springframework.test.annotation.SystemProfileValueSource] for class [com.cs4256.drinkmorewater.OrderProfileTests]
23:14:45.993 [main] DEBUG org.springframework.test.context.junit4.SpringJUnit4ClassRunner - SpringJUnit4ClassRunner constructor called with [class com.cs4256.drinkmorewater.RestaurantTests]
23:14:45.994 [main] DEBUG org.springframework.test.context.BootstrapUtils - Instantiating CacheAwareContextLoaderDelegate from class [org.springframework.test.context.cache.DefaultCacheAwareContextLoaderDelegate]
23:14:45.994 [main] DEBUG org.springframework.test.context.BootstrapUtils - Instantiating BootstrapContext using constructor [public org.springframework.test.context.support.DefaultBootstrapContext(java.lang.Class,org.springframework.test.context.CacheAwareContextLoaderDelegate)]
23:14:45.994 [main] DEBUG org.springframework.test.context.BootstrapUtils - Instantiating TestContextBootstrapper for test class [com.cs4256.drinkmorewater.RestaurantTests] from class [org.springframework.boot.test.context.SpringBootTestContextBootstrapper]
23:14:45.995 [main] INFO org.springframework.boot.test.context.SpringBootTestContextBootstrapper - Neither @ContextConfiguration nor @ContextHierarchy found for test class [com.cs4256.drinkmorewater.RestaurantTests], using SpringBootContextLoader
23:14:45.995 [main] DEBUG org.springframework.test.context.support.AbstractContextLoader - Did not detect default resource location for test class [com.cs4256.drinkmorewater.RestaurantTests]: class path resource [com/cs4256/drinkmorewater/RestaurantTests-context.xml] does not exist
23:14:45.996 [main] DEBUG org.springframework.test.context.support.AbstractContextLoader - Did not detect default resource location for test class [com.cs4256.drinkmorewater.RestaurantTests]: class path resource [com/cs4256/drinkmorewater/RestaurantTestsContext.groovy] does not exist
23:14:45.996 [main] INFO org.springframework.test.context.support.AbstractContextLoader - Could not detect default resource locations for test class [com.cs4256.drinkmorewater.RestaurantTests]: no resource found for suffixes {-context.xml, Context.groovy}.
23:14:45.996 [main] INFO org.springframework.test.context.support.AnnotationConfigContextLoaderUtils - Could not detect default configuration classes for test class [com.cs4256.drinkmorewater.RestaurantTests]: RestaurantTests does not declare any static, non-private, non-final, nested classes annotated with @Configuration.
23:14:45.999 [main] DEBUG org.springframework.test.context.support.ActiveProfilesUtils - Could not find an 'annotation declaring class' for annotation type [org.springframework.test.context.ActiveProfiles] and class [com.cs4256.drinkmorewater.RestaurantTests]
23:14:45.999 [main] INFO org.springframework.boot.test.context.SpringBootTestContextBootstrapper - Found @SpringBootConfiguration com.cs4256.drinkmorewater.DrinkMoreWaterApplication for test class com.cs4256.drinkmorewater.RestaurantTests
23:14:46.001 [main] DEBUG org.springframework.boot.test.context.SpringBootTestContextBootstrapper - @TestExecutionListeners is not present for class [com.cs4256.drinkmorewater.RestaurantTests]: using defaults.
23:14:46.001 [main] INFO org.springframework.boot.test.context.SpringBootTestContextBootstrapper - Loaded default TestExecutionListener class names from location [META-INF/spring.factories]: [org.springframework.boot.test.mock.mockito.MockitoTestExecutionListener, org.springframework.boot.test.mock.mockito.ResetMocksTestExecutionListener, org.springframework.boot.test.autoconfigure.restdocs.RestDocsTestExecutionListener, org.springframework.boot.test.autoconfigure.web.client.MockRestServiceServerResetTestExecutionListener, org.springframework.boot.test.autoconfigure.web.servlet.MockMvcPrintOnlyOnFailureTestExecutionListener, org.springframework.boot.test.autoconfigure.web.servlet.WebDriverTestExecutionListener, org.springframework.boot.test.autoconfigure.webservices.client.MockWebServiceServerTestExecutionListener, org.springframework.test.context.web.ServletTestExecutionListener, org.springframework.test.context.support.DirtiesContextBeforeModesTestExecutionListener, org.springframework.test.context.event.ApplicationEventsTestExecutionListener, org.springframework.test.context.support.DependencyInjectionTestExecutionListener, org.springframework.test.context.support.DirtiesContextTestExecutionListener, org.springframework.test.context.transaction.TransactionalTestExecutionListener, org.springframework.test.context.jdbc.SqlScriptsTestExecutionListener, org.springframework.test.context.event.EventPublishingTestExecutionListener]
23:14:46.002 [main] INFO org.springframework.boot.test.context.SpringBootTestContextBootstrapper - Using TestExecutionListeners: [org.springframework.test.context.web.ServletTestExecutionListener@24bdb479, org.springframework.test.context.support.DirtiesContextBeforeModesTestExecutionListener@7e3f95fe, org.springframework.test.context.event.ApplicationEventsTestExecutionListener@34625ccd, org.springframework.boot.test.mock.mockito.MockitoTestExecutionListener@2c7d121c, org.springframework.boot.test.autoconfigure.SpringBootDependencyInjectionTestExecutionListener@65aa6596, org.springframework.test.context.support.DirtiesContextTestExecutionListener@67389cb8, org.springframework.test.context.transaction.TransactionalTestExecutionListener@419a20a6, org.springframework.test.context.jdbc.SqlScriptsTestExecutionListener@533377b, org.springframework.test.context.event.EventPublishingTestExecutionListener@3383649e, org.springframework.boot.test.mock.mockito.ResetMocksTestExecutionListener@10fde30a, org.springframework.boot.test.autoconfigure.restdocs.RestDocsTestExecutionListener@f27ea3, org.springframework.boot.test.autoconfigure.web.client.MockRestServiceServerResetTestExecutionListener@1ce61929, org.springframework.boot.test.autoconfigure.web.servlet.MockMvcPrintOnlyOnFailureTestExecutionListener@346939bf, org.springframework.boot.test.autoconfigure.web.servlet.WebDriverTestExecutionListener@4bf3798b, org.springframework.boot.test.autoconfigure.webservices.client.MockWebServiceServerTestExecutionListener@58670130]
23:14:46.002 [main] DEBUG org.springframework.test.annotation.ProfileValueUtils - Retrieved @ProfileValueSourceConfiguration [null] for test class [com.cs4256.drinkmorewater.RestaurantTests]
23:14:46.002 [main] DEBUG org.springframework.test.annotation.ProfileValueUtils - Retrieved ProfileValueSource type [class org.springframework.test.annotation.SystemProfileValueSource] for class [com.cs4256.drinkmorewater.RestaurantTests]
23:14:46.003 [main] DEBUG org.springframework.test.annotation.ProfileValueUtils - Retrieved @ProfileValueSourceConfiguration [null] for test class [com.cs4256.drinkmorewater.RestaurantTests]
23:14:46.003 [main] DEBUG org.springframework.test.annotation.ProfileValueUtils - Retrieved ProfileValueSource type [class org.springframework.test.annotation.SystemProfileValueSource] for class [com.cs4256.drinkmorewater.RestaurantTests]
23:14:46.003 [main] DEBUG org.springframework.test.annotation.ProfileValueUtils - Retrieved @ProfileValueSourceConfiguration [null] for test class [com.cs4256.drinkmorewater.RestaurantTests]
23:14:46.003 [main] DEBUG org.springframework.test.annotation.ProfileValueUtils - Retrieved ProfileValueSource type [class org.springframework.test.annotation.SystemProfileValueSource] for class [com.cs4256.drinkmorewater.RestaurantTests]
23:14:46.009 [main] DEBUG org.springframework.test.context.junit4.SpringJUnit4ClassRunner - SpringJUnit4ClassRunner constructor called with [class com.cs4256.drinkmorewater.RevenueTests]
23:14:46.009 [main] DEBUG org.springframework.test.context.BootstrapUtils - Instantiating CacheAwareContextLoaderDelegate from class [org.springframework.test.context.cache.DefaultCacheAwareContextLoaderDelegate]
23:14:46.009 [main] DEBUG org.springframework.test.context.BootstrapUtils - Instantiating BootstrapContext using constructor [public org.springframework.test.context.support.DefaultBootstrapContext(java.lang.Class,org.springframework.test.context.CacheAwareContextLoaderDelegate)]
23:14:46.010 [main] DEBUG org.springframework.test.context.BootstrapUtils - Instantiating TestContextBootstrapper for test class [com.cs4256.drinkmorewater.RevenueTests] from class [org.springframework.boot.test.context.SpringBootTestContextBootstrapper]
23:14:46.010 [main] INFO org.springframework.boot.test.context.SpringBootTestContextBootstrapper - Neither @ContextConfiguration nor @ContextHierarchy found for test class [com.cs4256.drinkmorewater.RevenueTests], using SpringBootContextLoader
23:14:46.011 [main] DEBUG org.springframework.test.context.support.AbstractContextLoader - Did not detect default resource location for test class [com.cs4256.drinkmorewater.RevenueTests]: class path resource [com/cs4256/drinkmorewater/RevenueTests-context.xml] does not exist
23:14:46.011 [main] DEBUG org.springframework.test.context.support.AbstractContextLoader - Did not detect default resource location for test class [com.cs4256.drinkmorewater.RevenueTests]: class path resource [com/cs4256/drinkmorewater/RevenueTestsContext.groovy] does not exist
23:14:46.011 [main] INFO org.springframework.test.context.support.AbstractContextLoader - Could not detect default resource locations for test class [com.cs4256.drinkmorewater.RevenueTests]: no resource found for suffixes {-context.xml, Context.groovy}.
23:14:46.011 [main] INFO org.springframework.test.context.support.AnnotationConfigContextLoaderUtils - Could not detect default configuration classes for test class [com.cs4256.drinkmorewater.RevenueTests]: RevenueTests does not declare any static, non-private, non-final, nested classes annotated with @Configuration.
23:14:46.014 [main] DEBUG org.springframework.test.context.support.ActiveProfilesUtils - Could not find an 'annotation declaring class' for annotation type [org.springframework.test.context.ActiveProfiles] and class [com.cs4256.drinkmorewater.RevenueTests]
23:14:46.014 [main] INFO org.springframework.boot.test.context.SpringBootTestContextBootstrapper - Found @SpringBootConfiguration com.cs4256.drinkmorewater.DrinkMoreWaterApplication for test class com.cs4256.drinkmorewater.RevenueTests
23:14:46.016 [main] DEBUG org.springframework.boot.test.context.SpringBootTestContextBootstrapper - @TestExecutionListeners is not present for class [com.cs4256.drinkmorewater.RevenueTests]: using defaults.
23:14:46.016 [main] INFO org.springframework.boot.test.context.SpringBootTestContextBootstrapper - Loaded default TestExecutionListener class names from location [META-INF/spring.factories]: [org.springframework.boot.test.mock.mockito.MockitoTestExecutionListener, org.springframework.boot.test.mock.mockito.ResetMocksTestExecutionListener, org.springframework.boot.test.autoconfigure.restdocs.RestDocsTestExecutionListener, org.springframework.boot.test.autoconfigure.web.client.MockRestServiceServerResetTestExecutionListener, org.springframework.boot.test.autoconfigure.web.servlet.MockMvcPrintOnlyOnFailureTestExecutionListener, org.springframework.boot.test.autoconfigure.web.servlet.WebDriverTestExecutionListener, org.springframework.boot.test.autoconfigure.webservices.client.MockWebServiceServerTestExecutionListener, org.springframework.test.context.web.ServletTestExecutionListener, org.springframework.test.context.support.DirtiesContextBeforeModesTestExecutionListener, org.springframework.test.context.event.ApplicationEventsTestExecutionListener, org.springframework.test.context.support.DependencyInjectionTestExecutionListener, org.springframework.test.context.support.DirtiesContextTestExecutionListener, org.springframework.test.context.transaction.TransactionalTestExecutionListener, org.springframework.test.context.jdbc.SqlScriptsTestExecutionListener, org.springframework.test.context.event.EventPublishingTestExecutionListener]
23:14:46.016 [main] INFO org.springframework.boot.test.context.SpringBootTestContextBootstrapper - Using TestExecutionListeners: [org.springframework.test.context.web.ServletTestExecutionListener@3f28bd56, org.springframework.test.context.support.DirtiesContextBeforeModesTestExecutionListener@31e3250d, org.springframework.test.context.event.ApplicationEventsTestExecutionListener@19fe4644, org.springframework.boot.test.mock.mockito.MockitoTestExecutionListener@21d8bcbe, org.springframework.boot.test.autoconfigure.SpringBootDependencyInjectionTestExecutionListener@5be067de, org.springframework.test.context.support.DirtiesContextTestExecutionListener@7383eae2, org.springframework.test.context.transaction.TransactionalTestExecutionListener@18245eb0, org.springframework.test.context.jdbc.SqlScriptsTestExecutionListener@7c7d3c46, org.springframework.test.context.event.EventPublishingTestExecutionListener@24fb6a80, org.springframework.boot.test.mock.mockito.ResetMocksTestExecutionListener@48c35007, org.springframework.boot.test.autoconfigure.restdocs.RestDocsTestExecutionListener@72a85671, org.springframework.boot.test.autoconfigure.web.client.MockRestServiceServerResetTestExecutionListener@6722db6e, org.springframework.boot.test.autoconfigure.web.servlet.MockMvcPrintOnlyOnFailureTestExecutionListener@18f20260, org.springframework.boot.test.autoconfigure.web.servlet.WebDriverTestExecutionListener@4ae33a11, org.springframework.boot.test.autoconfigure.webservices.client.MockWebServiceServerTestExecutionListener@7a48e6e2]
23:14:46.016 [main] DEBUG org.springframework.test.annotation.ProfileValueUtils - Retrieved @ProfileValueSourceConfiguration [null] for test class [com.cs4256.drinkmorewater.RevenueTests]
23:14:46.016 [main] DEBUG org.springframework.test.annotation.ProfileValueUtils - Retrieved ProfileValueSource type [class org.springframework.test.annotation.SystemProfileValueSource] for class [com.cs4256.drinkmorewater.RevenueTests]
23:14:46.016 [main] DEBUG org.springframework.test.annotation.ProfileValueUtils - Retrieved @ProfileValueSourceConfiguration [null] for test class [com.cs4256.drinkmorewater.RevenueTests]
23:14:46.017 [main] DEBUG org.springframework.test.annotation.ProfileValueUtils - Retrieved ProfileValueSource type [class org.springframework.test.annotation.SystemProfileValueSource] for class [com.cs4256.drinkmorewater.RevenueTests]
23:14:46.017 [main] DEBUG org.springframework.test.annotation.ProfileValueUtils - Retrieved @ProfileValueSourceConfiguration [null] for test class [com.cs4256.drinkmorewater.RevenueTests]
23:14:46.017 [main] DEBUG org.springframework.test.annotation.ProfileValueUtils - Retrieved ProfileValueSource type [class org.springframework.test.annotation.SystemProfileValueSource] for class [com.cs4256.drinkmorewater.RevenueTests]
23:14:46.021 [main] DEBUG org.springframework.test.context.junit4.SpringJUnit4ClassRunner - SpringJUnit4ClassRunner constructor called with [class com.cs4256.drinkmorewater.ReviewTests]
23:14:46.021 [main] DEBUG org.springframework.test.context.BootstrapUtils - Instantiating CacheAwareContextLoaderDelegate from class [org.springframework.test.context.cache.DefaultCacheAwareContextLoaderDelegate]
23:14:46.021 [main] DEBUG org.springframework.test.context.BootstrapUtils - Instantiating BootstrapContext using constructor [public org.springframework.test.context.support.DefaultBootstrapContext(java.lang.Class,org.springframework.test.context.CacheAwareContextLoaderDelegate)]
23:14:46.021 [main] DEBUG org.springframework.test.context.BootstrapUtils - Instantiating TestContextBootstrapper for test class [com.cs4256.drinkmorewater.ReviewTests] from class [org.springframework.boot.test.context.SpringBootTestContextBootstrapper]
23:14:46.022 [main] INFO org.springframework.boot.test.context.SpringBootTestContextBootstrapper - Neither @ContextConfiguration nor @ContextHierarchy found for test class [com.cs4256.drinkmorewater.ReviewTests], using SpringBootContextLoader
23:14:46.022 [main] DEBUG org.springframework.test.context.support.AbstractContextLoader - Did not detect default resource location for test class [com.cs4256.drinkmorewater.ReviewTests]: class path resource [com/cs4256/drinkmorewater/ReviewTests-context.xml] does not exist
23:14:46.023 [main] DEBUG org.springframework.test.context.support.AbstractContextLoader - Did not detect default resource location for test class [com.cs4256.drinkmorewater.ReviewTests]: class path resource [com/cs4256/drinkmorewater/ReviewTestsContext.groovy] does not exist
23:14:46.023 [main] INFO org.springframework.test.context.support.AbstractContextLoader - Could not detect default resource locations for test class [com.cs4256.drinkmorewater.ReviewTests]: no resource found for suffixes {-context.xml, Context.groovy}.
23:14:46.023 [main] INFO org.springframework.test.context.support.AnnotationConfigContextLoaderUtils - Could not detect default configuration classes for test class [com.cs4256.drinkmorewater.ReviewTests]: ReviewTests does not declare any static, non-private, non-final, nested classes annotated with @Configuration.
23:14:46.024 [main] DEBUG org.springframework.test.context.support.ActiveProfilesUtils - Could not find an 'annotation declaring class' for annotation type [org.springframework.test.context.ActiveProfiles] and class [com.cs4256.drinkmorewater.ReviewTests]
23:14:46.025 [main] INFO org.springframework.boot.test.context.SpringBootTestContextBootstrapper - Found @SpringBootConfiguration com.cs4256.drinkmorewater.DrinkMoreWaterApplication for test class com.cs4256.drinkmorewater.ReviewTests
23:14:46.027 [main] DEBUG org.springframework.boot.test.context.SpringBootTestContextBootstrapper - @TestExecutionListeners is not present for class [com.cs4256.drinkmorewater.ReviewTests]: using defaults.
23:14:46.027 [main] INFO org.springframework.boot.test.context.SpringBootTestContextBootstrapper - Loaded default TestExecutionListener class names from location [META-INF/spring.factories]: [org.springframework.boot.test.mock.mockito.MockitoTestExecutionListener, org.springframework.boot.test.mock.mockito.ResetMocksTestExecutionListener, org.springframework.boot.test.autoconfigure.restdocs.RestDocsTestExecutionListener, org.springframework.boot.test.autoconfigure.web.client.MockRestServiceServerResetTestExecutionListener, org.springframework.boot.test.autoconfigure.web.servlet.MockMvcPrintOnlyOnFailureTestExecutionListener, org.springframework.boot.test.autoconfigure.web.servlet.WebDriverTestExecutionListener, org.springframework.boot.test.autoconfigure.webservices.client.MockWebServiceServerTestExecutionListener, org.springframework.test.context.web.ServletTestExecutionListener, org.springframework.test.context.support.DirtiesContextBeforeModesTestExecutionListener, org.springframework.test.context.event.ApplicationEventsTestExecutionListener, org.springframework.test.context.support.DependencyInjectionTestExecutionListener, org.springframework.test.context.support.DirtiesContextTestExecutionListener, org.springframework.test.context.transaction.TransactionalTestExecutionListener, org.springframework.test.context.jdbc.SqlScriptsTestExecutionListener, org.springframework.test.context.event.EventPublishingTestExecutionListener]
23:14:46.027 [main] INFO org.springframework.boot.test.context.SpringBootTestContextBootstrapper - Using TestExecutionListeners: [org.springframework.test.context.web.ServletTestExecutionListener@34a75079, org.springframework.test.context.support.DirtiesContextBeforeModesTestExecutionListener@346a361, org.springframework.test.context.event.ApplicationEventsTestExecutionListener@107ed6fc, org.springframework.boot.test.mock.mockito.MockitoTestExecutionListener@1643d68f, org.springframework.boot.test.autoconfigure.SpringBootDependencyInjectionTestExecutionListener@186978a6, org.springframework.test.context.support.DirtiesContextTestExecutionListener@2e029d61, org.springframework.test.context.transaction.TransactionalTestExecutionListener@482d776b, org.springframework.test.context.jdbc.SqlScriptsTestExecutionListener@4052274f, org.springframework.test.context.event.EventPublishingTestExecutionListener@132ddbab, org.springframework.boot.test.mock.mockito.ResetMocksTestExecutionListener@297ea53a, org.springframework.boot.test.autoconfigure.restdocs.RestDocsTestExecutionListener@acb0951, org.springframework.boot.test.autoconfigure.web.client.MockRestServiceServerResetTestExecutionListener@5bf22f18, org.springframework.boot.test.autoconfigure.web.servlet.MockMvcPrintOnlyOnFailureTestExecutionListener@267f474e, org.springframework.boot.test.autoconfigure.web.servlet.WebDriverTestExecutionListener@7a7471ce, org.springframework.boot.test.autoconfigure.webservices.client.MockWebServiceServerTestExecutionListener@28276e50]
23:14:46.027 [main] DEBUG org.springframework.test.annotation.ProfileValueUtils - Retrieved @ProfileValueSourceConfiguration [null] for test class [com.cs4256.drinkmorewater.ReviewTests]
23:14:46.027 [main] DEBUG org.springframework.test.annotation.ProfileValueUtils - Retrieved ProfileValueSource type [class org.springframework.test.annotation.SystemProfileValueSource] for class [com.cs4256.drinkmorewater.ReviewTests]
23:14:46.027 [main] DEBUG org.springframework.test.annotation.ProfileValueUtils - Retrieved @ProfileValueSourceConfiguration [null] for test class [com.cs4256.drinkmorewater.ReviewTests]
23:14:46.027 [main] DEBUG org.springframework.test.annotation.ProfileValueUtils - Retrieved ProfileValueSource type [class org.springframework.test.annotation.SystemProfileValueSource] for class [com.cs4256.drinkmorewater.ReviewTests]
23:14:46.028 [main] DEBUG org.springframework.test.annotation.ProfileValueUtils - Retrieved @ProfileValueSourceConfiguration [null] for test class [com.cs4256.drinkmorewater.ReviewTests]
23:14:46.028 [main] DEBUG org.springframework.test.annotation.ProfileValueUtils - Retrieved ProfileValueSource type [class org.springframework.test.annotation.SystemProfileValueSource] for class [com.cs4256.drinkmorewater.ReviewTests]
23:14:46.033 [main] DEBUG org.springframework.test.context.junit4.SpringJUnit4ClassRunner - SpringJUnit4ClassRunner constructor called with [class com.cs4256.drinkmorewater.UserTests]
23:14:46.033 [main] DEBUG org.springframework.test.context.BootstrapUtils - Instantiating CacheAwareContextLoaderDelegate from class [org.springframework.test.context.cache.DefaultCacheAwareContextLoaderDelegate]
23:14:46.033 [main] DEBUG org.springframework.test.context.BootstrapUtils - Instantiating BootstrapContext using constructor [public org.springframework.test.context.support.DefaultBootstrapContext(java.lang.Class,org.springframework.test.context.CacheAwareContextLoaderDelegate)]
23:14:46.034 [main] DEBUG org.springframework.test.context.BootstrapUtils - Instantiating TestContextBootstrapper for test class [com.cs4256.drinkmorewater.UserTests] from class [org.springframework.boot.test.context.SpringBootTestContextBootstrapper]
23:14:46.034 [main] INFO org.springframework.boot.test.context.SpringBootTestContextBootstrapper - Neither @ContextConfiguration nor @ContextHierarchy found for test class [com.cs4256.drinkmorewater.UserTests], using SpringBootContextLoader
23:14:46.035 [main] DEBUG org.springframework.test.context.support.AbstractContextLoader - Did not detect default resource location for test class [com.cs4256.drinkmorewater.UserTests]: class path resource [com/cs4256/drinkmorewater/UserTests-context.xml] does not exist
23:14:46.036 [main] DEBUG org.springframework.test.context.support.AbstractContextLoader - Did not detect default resource location for test class [com.cs4256.drinkmorewater.UserTests]: class path resource [com/cs4256/drinkmorewater/UserTestsContext.groovy] does not exist
23:14:46.036 [main] INFO org.springframework.test.context.support.AbstractContextLoader - Could not detect default resource locations for test class [com.cs4256.drinkmorewater.UserTests]: no resource found for suffixes {-context.xml, Context.groovy}.
23:14:46.036 [main] INFO org.springframework.test.context.support.AnnotationConfigContextLoaderUtils - Could not detect default configuration classes for test class [com.cs4256.drinkmorewater.UserTests]: UserTests does not declare any static, non-private, non-final, nested classes annotated with @Configuration.
23:14:46.038 [main] DEBUG org.springframework.test.context.support.ActiveProfilesUtils - Could not find an 'annotation declaring class' for annotation type [org.springframework.test.context.ActiveProfiles] and class [com.cs4256.drinkmorewater.UserTests]
23:14:46.039 [main] INFO org.springframework.boot.test.context.SpringBootTestContextBootstrapper - Found @SpringBootConfiguration com.cs4256.drinkmorewater.DrinkMoreWaterApplication for test class com.cs4256.drinkmorewater.UserTests
23:14:46.040 [main] DEBUG org.springframework.boot.test.context.SpringBootTestContextBootstrapper - @TestExecutionListeners is not present for class [com.cs4256.drinkmorewater.UserTests]: using defaults.
23:14:46.040 [main] INFO org.springframework.boot.test.context.SpringBootTestContextBootstrapper - Loaded default TestExecutionListener class names from location [META-INF/spring.factories]: [org.springframework.boot.test.mock.mockito.MockitoTestExecutionListener, org.springframework.boot.test.mock.mockito.ResetMocksTestExecutionListener, org.springframework.boot.test.autoconfigure.restdocs.RestDocsTestExecutionListener, org.springframework.boot.test.autoconfigure.web.client.MockRestServiceServerResetTestExecutionListener, org.springframework.boot.test.autoconfigure.web.servlet.MockMvcPrintOnlyOnFailureTestExecutionListener, org.springframework.boot.test.autoconfigure.web.servlet.WebDriverTestExecutionListener, org.springframework.boot.test.autoconfigure.webservices.client.MockWebServiceServerTestExecutionListener, org.springframework.test.context.web.ServletTestExecutionListener, org.springframework.test.context.support.DirtiesContextBeforeModesTestExecutionListener, org.springframework.test.context.event.ApplicationEventsTestExecutionListener, org.springframework.test.context.support.DependencyInjectionTestExecutionListener, org.springframework.test.context.support.DirtiesContextTestExecutionListener, org.springframework.test.context.transaction.TransactionalTestExecutionListener, org.springframework.test.context.jdbc.SqlScriptsTestExecutionListener, org.springframework.test.context.event.EventPublishingTestExecutionListener]
23:14:46.041 [main] INFO org.springframework.boot.test.context.SpringBootTestContextBootstrapper - Using TestExecutionListeners: [org.springframework.test.context.web.ServletTestExecutionListener@24faea88, org.springframework.test.context.support.DirtiesContextBeforeModesTestExecutionListener@3a320ade, org.springframework.test.context.event.ApplicationEventsTestExecutionListener@64beebb7, org.springframework.boot.test.mock.mockito.MockitoTestExecutionListener@7813cb11, org.springframework.boot.test.autoconfigure.SpringBootDependencyInjectionTestExecutionListener@bcec031, org.springframework.test.context.support.DirtiesContextTestExecutionListener@21005f6c, org.springframework.test.context.transaction.TransactionalTestExecutionListener@32f0fba8, org.springframework.test.context.jdbc.SqlScriptsTestExecutionListener@545de5a4, org.springframework.test.context.event.EventPublishingTestExecutionListener@29ef6856, org.springframework.boot.test.mock.mockito.ResetMocksTestExecutionListener@ab7a938, org.springframework.boot.test.autoconfigure.restdocs.RestDocsTestExecutionListener@3faf2e7d, org.springframework.boot.test.autoconfigure.web.client.MockRestServiceServerResetTestExecutionListener@4648ce9, org.springframework.boot.test.autoconfigure.web.servlet.MockMvcPrintOnlyOnFailureTestExecutionListener@569bf9eb, org.springframework.boot.test.autoconfigure.web.servlet.WebDriverTestExecutionListener@61526469, org.springframework.boot.test.autoconfigure.webservices.client.MockWebServiceServerTestExecutionListener@274872f8]
23:14:46.041 [main] DEBUG org.springframework.test.annotation.ProfileValueUtils - Retrieved @ProfileValueSourceConfiguration [null] for test class [com.cs4256.drinkmorewater.UserTests]
23:14:46.041 [main] DEBUG org.springframework.test.annotation.ProfileValueUtils - Retrieved ProfileValueSource type [class org.springframework.test.annotation.SystemProfileValueSource] for class [com.cs4256.drinkmorewater.UserTests]
23:14:46.041 [main] DEBUG org.springframework.test.annotation.ProfileValueUtils - Retrieved @ProfileValueSourceConfiguration [null] for test class [com.cs4256.drinkmorewater.UserTests]
23:14:46.041 [main] DEBUG org.springframework.test.annotation.ProfileValueUtils - Retrieved ProfileValueSource type [class org.springframework.test.annotation.SystemProfileValueSource] for class [com.cs4256.drinkmorewater.UserTests]
23:14:46.041 [main] DEBUG org.springframework.test.annotation.ProfileValueUtils - Retrieved @ProfileValueSourceConfiguration [null] for test class [com.cs4256.drinkmorewater.UserTests]
23:14:46.041 [main] DEBUG org.springframework.test.annotation.ProfileValueUtils - Retrieved ProfileValueSource type [class org.springframework.test.annotation.SystemProfileValueSource] for class [com.cs4256.drinkmorewater.UserTests]
23:14:46.044 [main] DEBUG org.springframework.test.context.junit4.SpringJUnit4ClassRunner - SpringJUnit4ClassRunner constructor called with [class com.cs4256.drinkmorewater.BookmarkTests]
23:14:46.045 [main] DEBUG org.springframework.test.context.BootstrapUtils - Instantiating CacheAwareContextLoaderDelegate from class [org.springframework.test.context.cache.DefaultCacheAwareContextLoaderDelegate]
23:14:46.045 [main] DEBUG org.springframework.test.context.BootstrapUtils - Instantiating BootstrapContext using constructor [public org.springframework.test.context.support.DefaultBootstrapContext(java.lang.Class,org.springframework.test.context.CacheAwareContextLoaderDelegate)]
23:14:46.045 [main] DEBUG org.springframework.test.context.BootstrapUtils - Instantiating TestContextBootstrapper for test class [com.cs4256.drinkmorewater.BookmarkTests] from class [org.springframework.boot.test.context.SpringBootTestContextBootstrapper]
23:14:46.045 [main] INFO org.springframework.boot.test.context.SpringBootTestContextBootstrapper - Neither @ContextConfiguration nor @ContextHierarchy found for test class [com.cs4256.drinkmorewater.BookmarkTests], using SpringBootContextLoader
23:14:46.045 [main] DEBUG org.springframework.test.context.support.AbstractContextLoader - Did not detect default resource location for test class [com.cs4256.drinkmorewater.BookmarkTests]: class path resource [com/cs4256/drinkmorewater/BookmarkTests-context.xml] does not exist
23:14:46.046 [main] DEBUG org.springframework.test.context.support.AbstractContextLoader - Did not detect default resource location for test class [com.cs4256.drinkmorewater.BookmarkTests]: class path resource [com/cs4256/drinkmorewater/BookmarkTestsContext.groovy] does not exist
23:14:46.046 [main] INFO org.springframework.test.context.support.AbstractContextLoader - Could not detect default resource locations for test class [com.cs4256.drinkmorewater.BookmarkTests]: no resource found for suffixes {-context.xml, Context.groovy}.
23:14:46.046 [main] INFO org.springframework.test.context.support.AnnotationConfigContextLoaderUtils - Could not detect default configuration classes for test class [com.cs4256.drinkmorewater.BookmarkTests]: BookmarkTests does not declare any static, non-private, non-final, nested classes annotated with @Configuration.
23:14:46.047 [main] DEBUG org.springframework.test.context.support.ActiveProfilesUtils - Could not find an 'annotation declaring class' for annotation type [org.springframework.test.context.ActiveProfiles] and class [com.cs4256.drinkmorewater.BookmarkTests]
23:14:46.047 [main] INFO org.springframework.boot.test.context.SpringBootTestContextBootstrapper - Found @SpringBootConfiguration com.cs4256.drinkmorewater.DrinkMoreWaterApplication for test class com.cs4256.drinkmorewater.BookmarkTests
23:14:46.049 [main] DEBUG org.springframework.boot.test.context.SpringBootTestContextBootstrapper - @TestExecutionListeners is not present for class [com.cs4256.drinkmorewater.BookmarkTests]: using defaults.
23:14:46.049 [main] INFO org.springframework.boot.test.context.SpringBootTestContextBootstrapper - Loaded default TestExecutionListener class names from location [META-INF/spring.factories]: [org.springframework.boot.test.mock.mockito.MockitoTestExecutionListener, org.springframework.boot.test.mock.mockito.ResetMocksTestExecutionListener, org.springframework.boot.test.autoconfigure.restdocs.RestDocsTestExecutionListener, org.springframework.boot.test.autoconfigure.web.client.MockRestServiceServerResetTestExecutionListener, org.springframework.boot.test.autoconfigure.web.servlet.MockMvcPrintOnlyOnFailureTestExecutionListener, org.springframework.boot.test.autoconfigure.web.servlet.WebDriverTestExecutionListener, org.springframework.boot.test.autoconfigure.webservices.client.MockWebServiceServerTestExecutionListener, org.springframework.test.context.web.ServletTestExecutionListener, org.springframework.test.context.support.DirtiesContextBeforeModesTestExecutionListener, org.springframework.test.context.event.ApplicationEventsTestExecutionListener, org.springframework.test.context.support.DependencyInjectionTestExecutionListener, org.springframework.test.context.support.DirtiesContextTestExecutionListener, org.springframework.test.context.transaction.TransactionalTestExecutionListener, org.springframework.test.context.jdbc.SqlScriptsTestExecutionListener, org.springframework.test.context.event.EventPublishingTestExecutionListener]
23:14:46.049 [main] INFO org.springframework.boot.test.context.SpringBootTestContextBootstrapper - Using TestExecutionListeners: [org.springframework.test.context.web.ServletTestExecutionListener@4ebea12c, org.springframework.test.context.support.DirtiesContextBeforeModesTestExecutionListener@2a1edad4, org.springframework.test.context.event.ApplicationEventsTestExecutionListener@6256ac4f, org.springframework.boot.test.mock.mockito.MockitoTestExecutionListener@44c79f32, org.springframework.boot.test.autoconfigure.SpringBootDependencyInjectionTestExecutionListener@7fcbe147, org.springframework.test.context.support.DirtiesContextTestExecutionListener@235f4c10, org.springframework.test.context.transaction.TransactionalTestExecutionListener@743cb8e0, org.springframework.test.context.jdbc.SqlScriptsTestExecutionListener@c7a975a, org.springframework.test.context.event.EventPublishingTestExecutionListener@2c1b9e4b, org.springframework.boot.test.mock.mockito.ResetMocksTestExecutionListener@757d6814, org.springframework.boot.test.autoconfigure.restdocs.RestDocsTestExecutionListener@649725e3, org.springframework.boot.test.autoconfigure.web.client.MockRestServiceServerResetTestExecutionListener@3c0fae6c, org.springframework.boot.test.autoconfigure.web.servlet.MockMvcPrintOnlyOnFailureTestExecutionListener@4c168660, org.springframework.boot.test.autoconfigure.web.servlet.WebDriverTestExecutionListener@52b56a3e, org.springframework.boot.test.autoconfigure.webservices.client.MockWebServiceServerTestExecutionListener@fd0e5b6]
23:14:46.049 [main] DEBUG org.springframework.test.annotation.ProfileValueUtils - Retrieved @ProfileValueSourceConfiguration [null] for test class [com.cs4256.drinkmorewater.BookmarkTests]
23:14:46.049 [main] DEBUG org.springframework.test.annotation.ProfileValueUtils - Retrieved ProfileValueSource type [class org.springframework.test.annotation.SystemProfileValueSource] for class [com.cs4256.drinkmorewater.BookmarkTests]
23:14:46.049 [main] DEBUG org.springframework.test.annotation.ProfileValueUtils - Retrieved @ProfileValueSourceConfiguration [null] for test class [com.cs4256.drinkmorewater.BookmarkTests]
23:14:46.049 [main] DEBUG org.springframework.test.annotation.ProfileValueUtils - Retrieved ProfileValueSource type [class org.springframework.test.annotation.SystemProfileValueSource] for class [com.cs4256.drinkmorewater.BookmarkTests]
23:14:46.049 [main] DEBUG org.springframework.test.annotation.ProfileValueUtils - Retrieved @ProfileValueSourceConfiguration [null] for test class [com.cs4256.drinkmorewater.BookmarkTests]
23:14:46.049 [main] DEBUG org.springframework.test.annotation.ProfileValueUtils - Retrieved ProfileValueSource type [class org.springframework.test.annotation.SystemProfileValueSource] for class [com.cs4256.drinkmorewater.BookmarkTests]
23:14:46.050 [main] DEBUG org.springframework.test.context.junit4.SpringJUnit4ClassRunner - SpringJUnit4ClassRunner constructor called with [class com.cs4256.drinkmorewater.DishTests]
23:14:46.050 [main] DEBUG org.springframework.test.context.BootstrapUtils - Instantiating CacheAwareContextLoaderDelegate from class [org.springframework.test.context.cache.DefaultCacheAwareContextLoaderDelegate]
23:14:46.050 [main] DEBUG org.springframework.test.context.BootstrapUtils - Instantiating BootstrapContext using constructor [public org.springframework.test.context.support.DefaultBootstrapContext(java.lang.Class,org.springframework.test.context.CacheAwareContextLoaderDelegate)]
23:14:46.051 [main] DEBUG org.springframework.test.context.BootstrapUtils - Instantiating TestContextBootstrapper for test class [com.cs4256.drinkmorewater.DishTests] from class [org.springframework.boot.test.context.SpringBootTestContextBootstrapper]
23:14:46.051 [main] INFO org.springframework.boot.test.context.SpringBootTestContextBootstrapper - Neither @ContextConfiguration nor @ContextHierarchy found for test class [com.cs4256.drinkmorewater.DishTests], using SpringBootContextLoader
23:14:46.052 [main] DEBUG org.springframework.test.context.support.AbstractContextLoader - Did not detect default resource location for test class [com.cs4256.drinkmorewater.DishTests]: class path resource [com/cs4256/drinkmorewater/DishTests-context.xml] does not exist
23:14:46.052 [main] DEBUG org.springframework.test.context.support.AbstractContextLoader - Did not detect default resource location for test class [com.cs4256.drinkmorewater.DishTests]: class path resource [com/cs4256/drinkmorewater/DishTestsContext.groovy] does not exist
23:14:46.052 [main] INFO org.springframework.test.context.support.AbstractContextLoader - Could not detect default resource locations for test class [com.cs4256.drinkmorewater.DishTests]: no resource found for suffixes {-context.xml, Context.groovy}.
23:14:46.052 [main] INFO org.springframework.test.context.support.AnnotationConfigContextLoaderUtils - Could not detect default configuration classes for test class [com.cs4256.drinkmorewater.DishTests]: DishTests does not declare any static, non-private, non-final, nested classes annotated with @Configuration.
23:14:46.053 [main] DEBUG org.springframework.test.context.support.ActiveProfilesUtils - Could not find an 'annotation declaring class' for annotation type [org.springframework.test.context.ActiveProfiles] and class [com.cs4256.drinkmorewater.DishTests]
23:14:46.054 [main] INFO org.springframework.boot.test.context.SpringBootTestContextBootstrapper - Found @SpringBootConfiguration com.cs4256.drinkmorewater.DrinkMoreWaterApplication for test class com.cs4256.drinkmorewater.DishTests
23:14:46.055 [main] DEBUG org.springframework.boot.test.context.SpringBootTestContextBootstrapper - @TestExecutionListeners is not present for class [com.cs4256.drinkmorewater.DishTests]: using defaults.
23:14:46.055 [main] INFO org.springframework.boot.test.context.SpringBootTestContextBootstrapper - Loaded default TestExecutionListener class names from location [META-INF/spring.factories]: [org.springframework.boot.test.mock.mockito.MockitoTestExecutionListener, org.springframework.boot.test.mock.mockito.ResetMocksTestExecutionListener, org.springframework.boot.test.autoconfigure.restdocs.RestDocsTestExecutionListener, org.springframework.boot.test.autoconfigure.web.client.MockRestServiceServerResetTestExecutionListener, org.springframework.boot.test.autoconfigure.web.servlet.MockMvcPrintOnlyOnFailureTestExecutionListener, org.springframework.boot.test.autoconfigure.web.servlet.WebDriverTestExecutionListener, org.springframework.boot.test.autoconfigure.webservices.client.MockWebServiceServerTestExecutionListener, org.springframework.test.context.web.ServletTestExecutionListener, org.springframework.test.context.support.DirtiesContextBeforeModesTestExecutionListener, org.springframework.test.context.event.ApplicationEventsTestExecutionListener, org.springframework.test.context.support.DependencyInjectionTestExecutionListener, org.springframework.test.context.support.DirtiesContextTestExecutionListener, org.springframework.test.context.transaction.TransactionalTestExecutionListener, org.springframework.test.context.jdbc.SqlScriptsTestExecutionListener, org.springframework.test.context.event.EventPublishingTestExecutionListener]
23:14:46.056 [main] INFO org.springframework.boot.test.context.SpringBootTestContextBootstrapper - Using TestExecutionListeners: [org.springframework.test.context.web.ServletTestExecutionListener@4fad94a7, org.springframework.test.context.support.DirtiesContextBeforeModesTestExecutionListener@475835b1, org.springframework.test.context.event.ApplicationEventsTestExecutionListener@6326d182, org.springframework.boot.test.mock.mockito.MockitoTestExecutionListener@5241cf67, org.springframework.boot.test.autoconfigure.SpringBootDependencyInjectionTestExecutionListener@716a7124, org.springframework.test.context.support.DirtiesContextTestExecutionListener@77192705, org.springframework.test.context.transaction.TransactionalTestExecutionListener@226642a5, org.springframework.test.context.jdbc.SqlScriptsTestExecutionListener@7e809b79, org.springframework.test.context.event.EventPublishingTestExecutionListener@5cc126dc, org.springframework.boot.test.mock.mockito.ResetMocksTestExecutionListener@625e134e, org.springframework.boot.test.autoconfigure.restdocs.RestDocsTestExecutionListener@72bd06ca, org.springframework.boot.test.autoconfigure.web.client.MockRestServiceServerResetTestExecutionListener@89c10b7, org.springframework.boot.test.autoconfigure.web.servlet.MockMvcPrintOnlyOnFailureTestExecutionListener@5dbe30be, org.springframework.boot.test.autoconfigure.web.servlet.WebDriverTestExecutionListener@4fe89c24, org.springframework.boot.test.autoconfigure.webservices.client.MockWebServiceServerTestExecutionListener@55795845]
23:14:46.056 [main] DEBUG org.springframework.test.annotation.ProfileValueUtils - Retrieved @ProfileValueSourceConfiguration [null] for test class [com.cs4256.drinkmorewater.DishTests]
23:14:46.056 [main] DEBUG org.springframework.test.annotation.ProfileValueUtils - Retrieved ProfileValueSource type [class org.springframework.test.annotation.SystemProfileValueSource] for class [com.cs4256.drinkmorewater.DishTests]
23:14:46.056 [main] DEBUG org.springframework.test.annotation.ProfileValueUtils - Retrieved @ProfileValueSourceConfiguration [null] for test class [com.cs4256.drinkmorewater.DishTests]
23:14:46.056 [main] DEBUG org.springframework.test.annotation.ProfileValueUtils - Retrieved ProfileValueSource type [class org.springframework.test.annotation.SystemProfileValueSource] for class [com.cs4256.drinkmorewater.DishTests]
23:14:46.056 [main] DEBUG org.springframework.test.annotation.ProfileValueUtils - Retrieved @ProfileValueSourceConfiguration [null] for test class [com.cs4256.drinkmorewater.DishTests]
23:14:46.056 [main] DEBUG org.springframework.test.annotation.ProfileValueUtils - Retrieved ProfileValueSource type [class org.springframework.test.annotation.SystemProfileValueSource] for class [com.cs4256.drinkmorewater.DishTests]
23:14:46.056 [main] DEBUG org.springframework.test.context.junit4.SpringJUnit4ClassRunner - SpringJUnit4ClassRunner constructor called with [class com.cs4256.drinkmorewater.OrderDishTests]
23:14:46.056 [main] DEBUG org.springframework.test.context.BootstrapUtils - Instantiating CacheAwareContextLoaderDelegate from class [org.springframework.test.context.cache.DefaultCacheAwareContextLoaderDelegate]
23:14:46.057 [main] DEBUG org.springframework.test.context.BootstrapUtils - Instantiating BootstrapContext using constructor [public org.springframework.test.context.support.DefaultBootstrapContext(java.lang.Class,org.springframework.test.context.CacheAwareContextLoaderDelegate)]
23:14:46.057 [main] DEBUG org.springframework.test.context.BootstrapUtils - Instantiating TestContextBootstrapper for test class [com.cs4256.drinkmorewater.OrderDishTests] from class [org.springframework.boot.test.context.SpringBootTestContextBootstrapper]
23:14:46.057 [main] INFO org.springframework.boot.test.context.SpringBootTestContextBootstrapper - Neither @ContextConfiguration nor @ContextHierarchy found for test class [com.cs4256.drinkmorewater.OrderDishTests], using SpringBootContextLoader
23:14:46.057 [main] DEBUG org.springframework.test.context.support.AbstractContextLoader - Did not detect default resource location for test class [com.cs4256.drinkmorewater.OrderDishTests]: class path resource [com/cs4256/drinkmorewater/OrderDishTests-context.xml] does not exist
23:14:46.058 [main] DEBUG org.springframework.test.context.support.AbstractContextLoader - Did not detect default resource location for test class [com.cs4256.drinkmorewater.OrderDishTests]: class path resource [com/cs4256/drinkmorewater/OrderDishTestsContext.groovy] does not exist
23:14:46.058 [main] INFO org.springframework.test.context.support.AbstractContextLoader - Could not detect default resource locations for test class [com.cs4256.drinkmorewater.OrderDishTests]: no resource found for suffixes {-context.xml, Context.groovy}.
23:14:46.058 [main] INFO org.springframework.test.context.support.AnnotationConfigContextLoaderUtils - Could not detect default configuration classes for test class [com.cs4256.drinkmorewater.OrderDishTests]: OrderDishTests does not declare any static, non-private, non-final, nested classes annotated with @Configuration.
23:14:46.059 [main] DEBUG org.springframework.test.context.support.ActiveProfilesUtils - Could not find an 'annotation declaring class' for annotation type [org.springframework.test.context.ActiveProfiles] and class [com.cs4256.drinkmorewater.OrderDishTests]
23:14:46.059 [main] INFO org.springframework.boot.test.context.SpringBootTestContextBootstrapper - Found @SpringBootConfiguration com.cs4256.drinkmorewater.DrinkMoreWaterApplication for test class com.cs4256.drinkmorewater.OrderDishTests
23:14:46.061 [main] DEBUG org.springframework.boot.test.context.SpringBootTestContextBootstrapper - @TestExecutionListeners is not present for class [com.cs4256.drinkmorewater.OrderDishTests]: using defaults.
23:14:46.061 [main] INFO org.springframework.boot.test.context.SpringBootTestContextBootstrapper - Loaded default TestExecutionListener class names from location [META-INF/spring.factories]: [org.springframework.boot.test.mock.mockito.MockitoTestExecutionListener, org.springframework.boot.test.mock.mockito.ResetMocksTestExecutionListener, org.springframework.boot.test.autoconfigure.restdocs.RestDocsTestExecutionListener, org.springframework.boot.test.autoconfigure.web.client.MockRestServiceServerResetTestExecutionListener, org.springframework.boot.test.autoconfigure.web.servlet.MockMvcPrintOnlyOnFailureTestExecutionListener, org.springframework.boot.test.autoconfigure.web.servlet.WebDriverTestExecutionListener, org.springframework.boot.test.autoconfigure.webservices.client.MockWebServiceServerTestExecutionListener, org.springframework.test.context.web.ServletTestExecutionListener, org.springframework.test.context.support.DirtiesContextBeforeModesTestExecutionListener, org.springframework.test.context.event.ApplicationEventsTestExecutionListener, org.springframework.test.context.support.DependencyInjectionTestExecutionListener, org.springframework.test.context.support.DirtiesContextTestExecutionListener, org.springframework.test.context.transaction.TransactionalTestExecutionListener, org.springframework.test.context.jdbc.SqlScriptsTestExecutionListener, org.springframework.test.context.event.EventPublishingTestExecutionListener]
23:14:46.061 [main] INFO org.springframework.boot.test.context.SpringBootTestContextBootstrapper - Using TestExecutionListeners: [org.springframework.test.context.web.ServletTestExecutionListener@1a1da881, org.springframework.test.context.support.DirtiesContextBeforeModesTestExecutionListener@5b970f7, org.springframework.test.context.event.ApplicationEventsTestExecutionListener@7fd4acee, org.springframework.boot.test.mock.mockito.MockitoTestExecutionListener@165b8a71, org.springframework.boot.test.autoconfigure.SpringBootDependencyInjectionTestExecutionListener@6175619b, org.springframework.test.context.support.DirtiesContextTestExecutionListener@2f058b8a, org.springframework.test.context.transaction.TransactionalTestExecutionListener@756cf158, org.springframework.test.context.jdbc.SqlScriptsTestExecutionListener@3f2ef586, org.springframework.test.context.event.EventPublishingTestExecutionListener@751d3241, org.springframework.boot.test.mock.mockito.ResetMocksTestExecutionListener@76c7beb3, org.springframework.boot.test.autoconfigure.restdocs.RestDocsTestExecutionListener@64337702, org.springframework.boot.test.autoconfigure.web.client.MockRestServiceServerResetTestExecutionListener@2cf92cc7, org.springframework.boot.test.autoconfigure.web.servlet.MockMvcPrintOnlyOnFailureTestExecutionListener@30ea8c23, org.springframework.boot.test.autoconfigure.web.servlet.WebDriverTestExecutionListener@7b139eab, org.springframework.boot.test.autoconfigure.webservices.client.MockWebServiceServerTestExecutionListener@4e76dac]
23:14:46.061 [main] DEBUG org.springframework.test.annotation.ProfileValueUtils - Retrieved @ProfileValueSourceConfiguration [null] for test class [com.cs4256.drinkmorewater.OrderDishTests]
23:14:46.061 [main] DEBUG org.springframework.test.annotation.ProfileValueUtils - Retrieved ProfileValueSource type [class org.springframework.test.annotation.SystemProfileValueSource] for class [com.cs4256.drinkmorewater.OrderDishTests]
23:14:46.061 [main] DEBUG org.springframework.test.annotation.ProfileValueUtils - Retrieved @ProfileValueSourceConfiguration [null] for test class [com.cs4256.drinkmorewater.OrderDishTests]
23:14:46.062 [main] DEBUG org.springframework.test.annotation.ProfileValueUtils - Retrieved ProfileValueSource type [class org.springframework.test.annotation.SystemProfileValueSource] for class [com.cs4256.drinkmorewater.OrderDishTests]
23:14:46.062 [main] DEBUG org.springframework.test.annotation.ProfileValueUtils - Retrieved @ProfileValueSourceConfiguration [null] for test class [com.cs4256.drinkmorewater.OrderDishTests]
23:14:46.062 [main] DEBUG org.springframework.test.annotation.ProfileValueUtils - Retrieved ProfileValueSource type [class org.springframework.test.annotation.SystemProfileValueSource] for class [com.cs4256.drinkmorewater.OrderDishTests]
23:14:46.063 [main] DEBUG org.springframework.test.context.junit4.SpringJUnit4ClassRunner - SpringJUnit4ClassRunner constructor called with [class com.cs4256.drinkmorewater.OrderProfileTests]
23:14:46.064 [main] DEBUG org.springframework.test.context.BootstrapUtils - Instantiating CacheAwareContextLoaderDelegate from class [org.springframework.test.context.cache.DefaultCacheAwareContextLoaderDelegate]
23:14:46.064 [main] DEBUG org.springframework.test.context.BootstrapUtils - Instantiating BootstrapContext using constructor [public org.springframework.test.context.support.DefaultBootstrapContext(java.lang.Class,org.springframework.test.context.CacheAwareContextLoaderDelegate)]
23:14:46.065 [main] DEBUG org.springframework.test.context.BootstrapUtils - Instantiating TestContextBootstrapper for test class [com.cs4256.drinkmorewater.OrderProfileTests] from class [org.springframework.boot.test.context.SpringBootTestContextBootstrapper]
23:14:46.065 [main] INFO org.springframework.boot.test.context.SpringBootTestContextBootstrapper - Neither @ContextConfiguration nor @ContextHierarchy found for test class [com.cs4256.drinkmorewater.OrderProfileTests], using SpringBootContextLoader
23:14:46.066 [main] DEBUG org.springframework.test.context.support.AbstractContextLoader - Did not detect default resource location for test class [com.cs4256.drinkmorewater.OrderProfileTests]: class path resource [com/cs4256/drinkmorewater/OrderProfileTests-context.xml] does not exist
23:14:46.066 [main] DEBUG org.springframework.test.context.support.AbstractContextLoader - Did not detect default resource location for test class [com.cs4256.drinkmorewater.OrderProfileTests]: class path resource [com/cs4256/drinkmorewater/OrderProfileTestsContext.groovy] does not exist
23:14:46.066 [main] INFO org.springframework.test.context.support.AbstractContextLoader - Could not detect default resource locations for test class [com.cs4256.drinkmorewater.OrderProfileTests]: no resource found for suffixes {-context.xml, Context.groovy}.
23:14:46.066 [main] INFO org.springframework.test.context.support.AnnotationConfigContextLoaderUtils - Could not detect default configuration classes for test class [com.cs4256.drinkmorewater.OrderProfileTests]: OrderProfileTests does not declare any static, non-private, non-final, nested classes annotated with @Configuration.
23:14:46.068 [main] DEBUG org.springframework.test.context.support.ActiveProfilesUtils - Could not find an 'annotation declaring class' for annotation type [org.springframework.test.context.ActiveProfiles] and class [com.cs4256.drinkmorewater.OrderProfileTests]
23:14:46.068 [main] INFO org.springframework.boot.test.context.SpringBootTestContextBootstrapper - Found @SpringBootConfiguration com.cs4256.drinkmorewater.DrinkMoreWaterApplication for test class com.cs4256.drinkmorewater.OrderProfileTests
23:14:46.069 [main] DEBUG org.springframework.boot.test.context.SpringBootTestContextBootstrapper - @TestExecutionListeners is not present for class [com.cs4256.drinkmorewater.OrderProfileTests]: using defaults.
23:14:46.070 [main] INFO org.springframework.boot.test.context.SpringBootTestContextBootstrapper - Loaded default TestExecutionListener class names from location [META-INF/spring.factories]: [org.springframework.boot.test.mock.mockito.MockitoTestExecutionListener, org.springframework.boot.test.mock.mockito.ResetMocksTestExecutionListener, org.springframework.boot.test.autoconfigure.restdocs.RestDocsTestExecutionListener, org.springframework.boot.test.autoconfigure.web.client.MockRestServiceServerResetTestExecutionListener, org.springframework.boot.test.autoconfigure.web.servlet.MockMvcPrintOnlyOnFailureTestExecutionListener, org.springframework.boot.test.autoconfigure.web.servlet.WebDriverTestExecutionListener, org.springframework.boot.test.autoconfigure.webservices.client.MockWebServiceServerTestExecutionListener, org.springframework.test.context.web.ServletTestExecutionListener, org.springframework.test.context.support.DirtiesContextBeforeModesTestExecutionListener, org.springframework.test.context.event.ApplicationEventsTestExecutionListener, org.springframework.test.context.support.DependencyInjectionTestExecutionListener, org.springframework.test.context.support.DirtiesContextTestExecutionListener, org.springframework.test.context.transaction.TransactionalTestExecutionListener, org.springframework.test.context.jdbc.SqlScriptsTestExecutionListener, org.springframework.test.context.event.EventPublishingTestExecutionListener]
23:14:46.070 [main] INFO org.springframework.boot.test.context.SpringBootTestContextBootstrapper - Using TestExecutionListeners: [org.springframework.test.context.web.ServletTestExecutionListener@6273c5a4, org.springframework.test.context.support.DirtiesContextBeforeModesTestExecutionListener@5d465e4b, org.springframework.test.context.event.ApplicationEventsTestExecutionListener@53e211ee, org.springframework.boot.test.mock.mockito.MockitoTestExecutionListener@41a90fa8, org.springframework.boot.test.autoconfigure.SpringBootDependencyInjectionTestExecutionListener@3d8bbcdc, org.springframework.test.context.support.DirtiesContextTestExecutionListener@52500920, org.springframework.test.context.transaction.TransactionalTestExecutionListener@117e0fe5, org.springframework.test.context.jdbc.SqlScriptsTestExecutionListener@18a3962d, org.springframework.test.context.event.EventPublishingTestExecutionListener@78aea4b9, org.springframework.boot.test.mock.mockito.ResetMocksTestExecutionListener@2a65bb85, org.springframework.boot.test.autoconfigure.restdocs.RestDocsTestExecutionListener@4b85880b, org.springframework.boot.test.autoconfigure.web.client.MockRestServiceServerResetTestExecutionListener@4f936da8, org.springframework.boot.test.autoconfigure.web.servlet.MockMvcPrintOnlyOnFailureTestExecutionListener@4215838f, org.springframework.boot.test.autoconfigure.web.servlet.WebDriverTestExecutionListener@452ba1db, org.springframework.boot.test.autoconfigure.webservices.client.MockWebServiceServerTestExecutionListener@2289aca5]
23:14:46.070 [main] DEBUG org.springframework.test.annotation.ProfileValueUtils - Retrieved @ProfileValueSourceConfiguration [null] for test class [com.cs4256.drinkmorewater.OrderProfileTests]
23:14:46.070 [main] DEBUG org.springframework.test.annotation.ProfileValueUtils - Retrieved ProfileValueSource type [class org.springframework.test.annotation.SystemProfileValueSource] for class [com.cs4256.drinkmorewater.OrderProfileTests]
23:14:46.070 [main] DEBUG org.springframework.test.annotation.ProfileValueUtils - Retrieved @ProfileValueSourceConfiguration [null] for test class [com.cs4256.drinkmorewater.OrderProfileTests]
23:14:46.070 [main] DEBUG org.springframework.test.annotation.ProfileValueUtils - Retrieved ProfileValueSource type [class org.springframework.test.annotation.SystemProfileValueSource] for class [com.cs4256.drinkmorewater.OrderProfileTests]
23:14:46.070 [main] DEBUG org.springframework.test.annotation.ProfileValueUtils - Retrieved @ProfileValueSourceConfiguration [null] for test class [com.cs4256.drinkmorewater.OrderProfileTests]
23:14:46.070 [main] DEBUG org.springframework.test.annotation.ProfileValueUtils - Retrieved ProfileValueSource type [class org.springframework.test.annotation.SystemProfileValueSource] for class [com.cs4256.drinkmorewater.OrderProfileTests]
23:14:46.071 [main] DEBUG org.springframework.test.context.junit4.SpringJUnit4ClassRunner - SpringJUnit4ClassRunner constructor called with [class com.cs4256.drinkmorewater.RestaurantTests]
23:14:46.071 [main] DEBUG org.springframework.test.context.BootstrapUtils - Instantiating CacheAwareContextLoaderDelegate from class [org.springframework.test.context.cache.DefaultCacheAwareContextLoaderDelegate]
23:14:46.071 [main] DEBUG org.springframework.test.context.BootstrapUtils - Instantiating BootstrapContext using constructor [public org.springframework.test.context.support.DefaultBootstrapContext(java.lang.Class,org.springframework.test.context.CacheAwareContextLoaderDelegate)]
23:14:46.071 [main] DEBUG org.springframework.test.context.BootstrapUtils - Instantiating TestContextBootstrapper for test class [com.cs4256.drinkmorewater.RestaurantTests] from class [org.springframework.boot.test.context.SpringBootTestContextBootstrapper]
23:14:46.072 [main] INFO org.springframework.boot.test.context.SpringBootTestContextBootstrapper - Neither @ContextConfiguration nor @ContextHierarchy found for test class [com.cs4256.drinkmorewater.RestaurantTests], using SpringBootContextLoader
23:14:46.073 [main] DEBUG org.springframework.test.context.support.AbstractContextLoader - Did not detect default resource location for test class [com.cs4256.drinkmorewater.RestaurantTests]: class path resource [com/cs4256/drinkmorewater/RestaurantTests-context.xml] does not exist
23:14:46.073 [main] DEBUG org.springframework.test.context.support.AbstractContextLoader - Did not detect default resource location for test class [com.cs4256.drinkmorewater.RestaurantTests]: class path resource [com/cs4256/drinkmorewater/RestaurantTestsContext.groovy] does not exist
23:14:46.074 [main] INFO org.springframework.test.context.support.AbstractContextLoader - Could not detect default resource locations for test class [com.cs4256.drinkmorewater.RestaurantTests]: no resource found for suffixes {-context.xml, Context.groovy}.
23:14:46.074 [main] INFO org.springframework.test.context.support.AnnotationConfigContextLoaderUtils - Could not detect default configuration classes for test class [com.cs4256.drinkmorewater.RestaurantTests]: RestaurantTests does not declare any static, non-private, non-final, nested classes annotated with @Configuration.
23:14:46.076 [main] DEBUG org.springframework.test.context.support.ActiveProfilesUtils - Could not find an 'annotation declaring class' for annotation type [org.springframework.test.context.ActiveProfiles] and class [com.cs4256.drinkmorewater.RestaurantTests]
23:14:46.077 [main] INFO org.springframework.boot.test.context.SpringBootTestContextBootstrapper - Found @SpringBootConfiguration com.cs4256.drinkmorewater.DrinkMoreWaterApplication for test class com.cs4256.drinkmorewater.RestaurantTests
23:14:46.079 [main] DEBUG org.springframework.boot.test.context.SpringBootTestContextBootstrapper - @TestExecutionListeners is not present for class [com.cs4256.drinkmorewater.RestaurantTests]: using defaults.
23:14:46.079 [main] INFO org.springframework.boot.test.context.SpringBootTestContextBootstrapper - Loaded default TestExecutionListener class names from location [META-INF/spring.factories]: [org.springframework.boot.test.mock.mockito.MockitoTestExecutionListener, org.springframework.boot.test.mock.mockito.ResetMocksTestExecutionListener, org.springframework.boot.test.autoconfigure.restdocs.RestDocsTestExecutionListener, org.springframework.boot.test.autoconfigure.web.client.MockRestServiceServerResetTestExecutionListener, org.springframework.boot.test.autoconfigure.web.servlet.MockMvcPrintOnlyOnFailureTestExecutionListener, org.springframework.boot.test.autoconfigure.web.servlet.WebDriverTestExecutionListener, org.springframework.boot.test.autoconfigure.webservices.client.MockWebServiceServerTestExecutionListener, org.springframework.test.context.web.ServletTestExecutionListener, org.springframework.test.context.support.DirtiesContextBeforeModesTestExecutionListener, org.springframework.test.context.event.ApplicationEventsTestExecutionListener, org.springframework.test.context.support.DependencyInjectionTestExecutionListener, org.springframework.test.context.support.DirtiesContextTestExecutionListener, org.springframework.test.context.transaction.TransactionalTestExecutionListener, org.springframework.test.context.jdbc.SqlScriptsTestExecutionListener, org.springframework.test.context.event.EventPublishingTestExecutionListener]
23:14:46.079 [main] INFO org.springframework.boot.test.context.SpringBootTestContextBootstrapper - Using TestExecutionListeners: [org.springframework.test.context.web.ServletTestExecutionListener@5ac86ba5, org.springframework.test.context.support.DirtiesContextBeforeModesTestExecutionListener@6c67e137, org.springframework.test.context.event.ApplicationEventsTestExecutionListener@2c9399a4, org.springframework.boot.test.mock.mockito.MockitoTestExecutionListener@191ae03f, org.springframework.boot.test.autoconfigure.SpringBootDependencyInjectionTestExecutionListener@9635fa, org.springframework.test.context.support.DirtiesContextTestExecutionListener@53ab0286, org.springframework.test.context.transaction.TransactionalTestExecutionListener@63c5efee, org.springframework.test.context.jdbc.SqlScriptsTestExecutionListener@2d10e0b1, org.springframework.test.context.event.EventPublishingTestExecutionListener@1c98290c, org.springframework.boot.test.mock.mockito.ResetMocksTestExecutionListener@172ca72b, org.springframework.boot.test.autoconfigure.restdocs.RestDocsTestExecutionListener@5bda80bf, org.springframework.boot.test.autoconfigure.web.client.MockRestServiceServerResetTestExecutionListener@71e5f61d, org.springframework.boot.test.autoconfigure.web.servlet.MockMvcPrintOnlyOnFailureTestExecutionListener@2ce86164, org.springframework.boot.test.autoconfigure.web.servlet.WebDriverTestExecutionListener@5e8f9e2d, org.springframework.boot.test.autoconfigure.webservices.client.MockWebServiceServerTestExecutionListener@51df223b]
23:14:46.080 [main] DEBUG org.springframework.test.annotation.ProfileValueUtils - Retrieved @ProfileValueSourceConfiguration [null] for test class [com.cs4256.drinkmorewater.RestaurantTests]
23:14:46.080 [main] DEBUG org.springframework.test.annotation.ProfileValueUtils - Retrieved ProfileValueSource type [class org.springframework.test.annotation.SystemProfileValueSource] for class [com.cs4256.drinkmorewater.RestaurantTests]
23:14:46.080 [main] DEBUG org.springframework.test.annotation.ProfileValueUtils - Retrieved @ProfileValueSourceConfiguration [null] for test class [com.cs4256.drinkmorewater.RestaurantTests]
23:14:46.081 [main] DEBUG org.springframework.test.annotation.ProfileValueUtils - Retrieved ProfileValueSource type [class org.springframework.test.annotation.SystemProfileValueSource] for class [com.cs4256.drinkmorewater.RestaurantTests]
23:14:46.081 [main] DEBUG org.springframework.test.annotation.ProfileValueUtils - Retrieved @ProfileValueSourceConfiguration [null] for test class [com.cs4256.drinkmorewater.RestaurantTests]
23:14:46.081 [main] DEBUG org.springframework.test.annotation.ProfileValueUtils - Retrieved ProfileValueSource type [class org.springframework.test.annotation.SystemProfileValueSource] for class [com.cs4256.drinkmorewater.RestaurantTests]
23:14:46.081 [main] DEBUG org.springframework.test.context.junit4.SpringJUnit4ClassRunner - SpringJUnit4ClassRunner constructor called with [class com.cs4256.drinkmorewater.RevenueTests]
23:14:46.082 [main] DEBUG org.springframework.test.context.BootstrapUtils - Instantiating CacheAwareContextLoaderDelegate from class [org.springframework.test.context.cache.DefaultCacheAwareContextLoaderDelegate]
23:14:46.082 [main] DEBUG org.springframework.test.context.BootstrapUtils - Instantiating BootstrapContext using constructor [public org.springframework.test.context.support.DefaultBootstrapContext(java.lang.Class,org.springframework.test.context.CacheAwareContextLoaderDelegate)]
23:14:46.082 [main] DEBUG org.springframework.test.context.BootstrapUtils - Instantiating TestContextBootstrapper for test class [com.cs4256.drinkmorewater.RevenueTests] from class [org.springframework.boot.test.context.SpringBootTestContextBootstrapper]
23:14:46.082 [main] INFO org.springframework.boot.test.context.SpringBootTestContextBootstrapper - Neither @ContextConfiguration nor @ContextHierarchy found for test class [com.cs4256.drinkmorewater.RevenueTests], using SpringBootContextLoader
23:14:46.083 [main] DEBUG org.springframework.test.context.support.AbstractContextLoader - Did not detect default resource location for test class [com.cs4256.drinkmorewater.RevenueTests]: class path resource [com/cs4256/drinkmorewater/RevenueTests-context.xml] does not exist
23:14:46.083 [main] DEBUG org.springframework.test.context.support.AbstractContextLoader - Did not detect default resource location for test class [com.cs4256.drinkmorewater.RevenueTests]: class path resource [com/cs4256/drinkmorewater/RevenueTestsContext.groovy] does not exist
23:14:46.084 [main] INFO org.springframework.test.context.support.AbstractContextLoader - Could not detect default resource locations for test class [com.cs4256.drinkmorewater.RevenueTests]: no resource found for suffixes {-context.xml, Context.groovy}.
23:14:46.084 [main] INFO org.springframework.test.context.support.AnnotationConfigContextLoaderUtils - Could not detect default configuration classes for test class [com.cs4256.drinkmorewater.RevenueTests]: RevenueTests does not declare any static, non-private, non-final, nested classes annotated with @Configuration.
23:14:46.086 [main] DEBUG org.springframework.test.context.support.ActiveProfilesUtils - Could not find an 'annotation declaring class' for annotation type [org.springframework.test.context.ActiveProfiles] and class [com.cs4256.drinkmorewater.RevenueTests]
23:14:46.086 [main] INFO org.springframework.boot.test.context.SpringBootTestContextBootstrapper - Found @SpringBootConfiguration com.cs4256.drinkmorewater.DrinkMoreWaterApplication for test class com.cs4256.drinkmorewater.RevenueTests
23:14:46.088 [main] DEBUG org.springframework.boot.test.context.SpringBootTestContextBootstrapper - @TestExecutionListeners is not present for class [com.cs4256.drinkmorewater.RevenueTests]: using defaults.
23:14:46.088 [main] INFO org.springframework.boot.test.context.SpringBootTestContextBootstrapper - Loaded default TestExecutionListener class names from location [META-INF/spring.factories]: [org.springframework.boot.test.mock.mockito.MockitoTestExecutionListener, org.springframework.boot.test.mock.mockito.ResetMocksTestExecutionListener, org.springframework.boot.test.autoconfigure.restdocs.RestDocsTestExecutionListener, org.springframework.boot.test.autoconfigure.web.client.MockRestServiceServerResetTestExecutionListener, org.springframework.boot.test.autoconfigure.web.servlet.MockMvcPrintOnlyOnFailureTestExecutionListener, org.springframework.boot.test.autoconfigure.web.servlet.WebDriverTestExecutionListener, org.springframework.boot.test.autoconfigure.webservices.client.MockWebServiceServerTestExecutionListener, org.springframework.test.context.web.ServletTestExecutionListener, org.springframework.test.context.support.DirtiesContextBeforeModesTestExecutionListener, org.springframework.test.context.event.ApplicationEventsTestExecutionListener, org.springframework.test.context.support.DependencyInjectionTestExecutionListener, org.springframework.test.context.support.DirtiesContextTestExecutionListener, org.springframework.test.context.transaction.TransactionalTestExecutionListener, org.springframework.test.context.jdbc.SqlScriptsTestExecutionListener, org.springframework.test.context.event.EventPublishingTestExecutionListener]
23:14:46.088 [main] INFO org.springframework.boot.test.context.SpringBootTestContextBootstrapper - Using TestExecutionListeners: [org.springframework.test.context.web.ServletTestExecutionListener@4204541c, org.springframework.test.context.support.DirtiesContextBeforeModesTestExecutionListener@6a62689d, org.springframework.test.context.event.ApplicationEventsTestExecutionListener@4602c2a9, org.springframework.boot.test.mock.mockito.MockitoTestExecutionListener@60fa3495, org.springframework.boot.test.autoconfigure.SpringBootDependencyInjectionTestExecutionListener@3e2822, org.springframework.test.context.support.DirtiesContextTestExecutionListener@79e18e38, org.springframework.test.context.transaction.TransactionalTestExecutionListener@29a60c27, org.springframework.test.context.jdbc.SqlScriptsTestExecutionListener@1849db1a, org.springframework.test.context.event.EventPublishingTestExecutionListener@69c79f09, org.springframework.boot.test.mock.mockito.ResetMocksTestExecutionListener@1ca25c47, org.springframework.boot.test.autoconfigure.restdocs.RestDocsTestExecutionListener@5fcacc0, org.springframework.boot.test.autoconfigure.web.client.MockRestServiceServerResetTestExecutionListener@533b266e, org.springframework.boot.test.autoconfigure.web.servlet.MockMvcPrintOnlyOnFailureTestExecutionListener@6d1d4d7, org.springframework.boot.test.autoconfigure.web.servlet.WebDriverTestExecutionListener@89ff02e, org.springframework.boot.test.autoconfigure.webservices.client.MockWebServiceServerTestExecutionListener@6865c751]
23:14:46.089 [main] DEBUG org.springframework.test.annotation.ProfileValueUtils - Retrieved @ProfileValueSourceConfiguration [null] for test class [com.cs4256.drinkmorewater.RevenueTests]
23:14:46.089 [main] DEBUG org.springframework.test.annotation.ProfileValueUtils - Retrieved ProfileValueSource type [class org.springframework.test.annotation.SystemProfileValueSource] for class [com.cs4256.drinkmorewater.RevenueTests]
23:14:46.089 [main] DEBUG org.springframework.test.annotation.ProfileValueUtils - Retrieved @ProfileValueSourceConfiguration [null] for test class [com.cs4256.drinkmorewater.RevenueTests]
23:14:46.089 [main] DEBUG org.springframework.test.annotation.ProfileValueUtils - Retrieved ProfileValueSource type [class org.springframework.test.annotation.SystemProfileValueSource] for class [com.cs4256.drinkmorewater.RevenueTests]
23:14:46.089 [main] DEBUG org.springframework.test.annotation.ProfileValueUtils - Retrieved @ProfileValueSourceConfiguration [null] for test class [com.cs4256.drinkmorewater.RevenueTests]
23:14:46.089 [main] DEBUG org.springframework.test.annotation.ProfileValueUtils - Retrieved ProfileValueSource type [class org.springframework.test.annotation.SystemProfileValueSource] for class [com.cs4256.drinkmorewater.RevenueTests]
23:14:46.089 [main] DEBUG org.springframework.test.context.junit4.SpringJUnit4ClassRunner - SpringJUnit4ClassRunner constructor called with [class com.cs4256.drinkmorewater.ReviewTests]
23:14:46.090 [main] DEBUG org.springframework.test.context.BootstrapUtils - Instantiating CacheAwareContextLoaderDelegate from class [org.springframework.test.context.cache.DefaultCacheAwareContextLoaderDelegate]
23:14:46.090 [main] DEBUG org.springframework.test.context.BootstrapUtils - Instantiating BootstrapContext using constructor [public org.springframework.test.context.support.DefaultBootstrapContext(java.lang.Class,org.springframework.test.context.CacheAwareContextLoaderDelegate)]
23:14:46.090 [main] DEBUG org.springframework.test.context.BootstrapUtils - Instantiating TestContextBootstrapper for test class [com.cs4256.drinkmorewater.ReviewTests] from class [org.springframework.boot.test.context.SpringBootTestContextBootstrapper]
23:14:46.091 [main] INFO org.springframework.boot.test.context.SpringBootTestContextBootstrapper - Neither @ContextConfiguration nor @ContextHierarchy found for test class [com.cs4256.drinkmorewater.ReviewTests], using SpringBootContextLoader
23:14:46.091 [main] DEBUG org.springframework.test.context.support.AbstractContextLoader - Did not detect default resource location for test class [com.cs4256.drinkmorewater.ReviewTests]: class path resource [com/cs4256/drinkmorewater/ReviewTests-context.xml] does not exist
23:14:46.091 [main] DEBUG org.springframework.test.context.support.AbstractContextLoader - Did not detect default resource location for test class [com.cs4256.drinkmorewater.ReviewTests]: class path resource [com/cs4256/drinkmorewater/ReviewTestsContext.groovy] does not exist
23:14:46.092 [main] INFO org.springframework.test.context.support.AbstractContextLoader - Could not detect default resource locations for test class [com.cs4256.drinkmorewater.ReviewTests]: no resource found for suffixes {-context.xml, Context.groovy}.
23:14:46.092 [main] INFO org.springframework.test.context.support.AnnotationConfigContextLoaderUtils - Could not detect default configuration classes for test class [com.cs4256.drinkmorewater.ReviewTests]: ReviewTests does not declare any static, non-private, non-final, nested classes annotated with @Configuration.
23:14:46.093 [main] DEBUG org.springframework.test.context.support.ActiveProfilesUtils - Could not find an 'annotation declaring class' for annotation type [org.springframework.test.context.ActiveProfiles] and class [com.cs4256.drinkmorewater.ReviewTests]
23:14:46.094 [main] INFO org.springframework.boot.test.context.SpringBootTestContextBootstrapper - Found @SpringBootConfiguration com.cs4256.drinkmorewater.DrinkMoreWaterApplication for test class com.cs4256.drinkmorewater.ReviewTests
23:14:46.096 [main] DEBUG org.springframework.boot.test.context.SpringBootTestContextBootstrapper - @TestExecutionListeners is not present for class [com.cs4256.drinkmorewater.ReviewTests]: using defaults.
23:14:46.096 [main] INFO org.springframework.boot.test.context.SpringBootTestContextBootstrapper - Loaded default TestExecutionListener class names from location [META-INF/spring.factories]: [org.springframework.boot.test.mock.mockito.MockitoTestExecutionListener, org.springframework.boot.test.mock.mockito.ResetMocksTestExecutionListener, org.springframework.boot.test.autoconfigure.restdocs.RestDocsTestExecutionListener, org.springframework.boot.test.autoconfigure.web.client.MockRestServiceServerResetTestExecutionListener, org.springframework.boot.test.autoconfigure.web.servlet.MockMvcPrintOnlyOnFailureTestExecutionListener, org.springframework.boot.test.autoconfigure.web.servlet.WebDriverTestExecutionListener, org.springframework.boot.test.autoconfigure.webservices.client.MockWebServiceServerTestExecutionListener, org.springframework.test.context.web.ServletTestExecutionListener, org.springframework.test.context.support.DirtiesContextBeforeModesTestExecutionListener, org.springframework.test.context.event.ApplicationEventsTestExecutionListener, org.springframework.test.context.support.DependencyInjectionTestExecutionListener, org.springframework.test.context.support.DirtiesContextTestExecutionListener, org.springframework.test.context.transaction.TransactionalTestExecutionListener, org.springframework.test.context.jdbc.SqlScriptsTestExecutionListener, org.springframework.test.context.event.EventPublishingTestExecutionListener]
23:14:46.096 [main] INFO org.springframework.boot.test.context.SpringBootTestContextBootstrapper - Using TestExecutionListeners: [org.springframework.test.context.web.ServletTestExecutionListener@5f2606b, org.springframework.test.context.support.DirtiesContextBeforeModesTestExecutionListener@2b58f754, org.springframework.test.context.event.ApplicationEventsTestExecutionListener@3ebff828, org.springframework.boot.test.mock.mockito.MockitoTestExecutionListener@2552f2cb, org.springframework.boot.test.autoconfigure.SpringBootDependencyInjectionTestExecutionListener@33352f32, org.springframework.test.context.support.DirtiesContextTestExecutionListener@5f3b9c57, org.springframework.test.context.transaction.TransactionalTestExecutionListener@1e044120, org.springframework.test.context.jdbc.SqlScriptsTestExecutionListener@2cf23c81, org.springframework.test.context.event.EventPublishingTestExecutionListener@3624da92, org.springframework.boot.test.mock.mockito.ResetMocksTestExecutionListener@35fe2125, org.springframework.boot.test.autoconfigure.restdocs.RestDocsTestExecutionListener@94f6bfb, org.springframework.boot.test.autoconfigure.web.client.MockRestServiceServerResetTestExecutionListener@34645867, org.springframework.boot.test.autoconfigure.web.servlet.MockMvcPrintOnlyOnFailureTestExecutionListener@2484f433, org.springframework.boot.test.autoconfigure.web.servlet.WebDriverTestExecutionListener@60b71e8f, org.springframework.boot.test.autoconfigure.webservices.client.MockWebServiceServerTestExecutionListener@1255b1d1]
23:14:46.096 [main] DEBUG org.springframework.test.annotation.ProfileValueUtils - Retrieved @ProfileValueSourceConfiguration [null] for test class [com.cs4256.drinkmorewater.ReviewTests]
23:14:46.096 [main] DEBUG org.springframework.test.annotation.ProfileValueUtils - Retrieved ProfileValueSource type [class org.springframework.test.annotation.SystemProfileValueSource] for class [com.cs4256.drinkmorewater.ReviewTests]
23:14:46.096 [main] DEBUG org.springframework.test.annotation.ProfileValueUtils - Retrieved @ProfileValueSourceConfiguration [null] for test class [com.cs4256.drinkmorewater.ReviewTests]
23:14:46.096 [main] DEBUG org.springframework.test.annotation.ProfileValueUtils - Retrieved ProfileValueSource type [class org.springframework.test.annotation.SystemProfileValueSource] for class [com.cs4256.drinkmorewater.ReviewTests]
23:14:46.096 [main] DEBUG org.springframework.test.annotation.ProfileValueUtils - Retrieved @ProfileValueSourceConfiguration [null] for test class [com.cs4256.drinkmorewater.ReviewTests]
23:14:46.096 [main] DEBUG org.springframework.test.annotation.ProfileValueUtils - Retrieved ProfileValueSource type [class org.springframework.test.annotation.SystemProfileValueSource] for class [com.cs4256.drinkmorewater.ReviewTests]
23:14:46.097 [main] DEBUG org.springframework.test.context.junit4.SpringJUnit4ClassRunner - SpringJUnit4ClassRunner constructor called with [class com.cs4256.drinkmorewater.UserTests]
23:14:46.097 [main] DEBUG org.springframework.test.context.BootstrapUtils - Instantiating CacheAwareContextLoaderDelegate from class [org.springframework.test.context.cache.DefaultCacheAwareContextLoaderDelegate]
23:14:46.098 [main] DEBUG org.springframework.test.context.BootstrapUtils - Instantiating BootstrapContext using constructor [public org.springframework.test.context.support.DefaultBootstrapContext(java.lang.Class,org.springframework.test.context.CacheAwareContextLoaderDelegate)]
23:14:46.098 [main] DEBUG org.springframework.test.context.BootstrapUtils - Instantiating TestContextBootstrapper for test class [com.cs4256.drinkmorewater.UserTests] from class [org.springframework.boot.test.context.SpringBootTestContextBootstrapper]
23:14:46.099 [main] INFO org.springframework.boot.test.context.SpringBootTestContextBootstrapper - Neither @ContextConfiguration nor @ContextHierarchy found for test class [com.cs4256.drinkmorewater.UserTests], using SpringBootContextLoader
23:14:46.100 [main] DEBUG org.springframework.test.context.support.AbstractContextLoader - Did not detect default resource location for test class [com.cs4256.drinkmorewater.UserTests]: class path resource [com/cs4256/drinkmorewater/UserTests-context.xml] does not exist
23:14:46.100 [main] DEBUG org.springframework.test.context.support.AbstractContextLoader - Did not detect default resource location for test class [com.cs4256.drinkmorewater.UserTests]: class path resource [com/cs4256/drinkmorewater/UserTestsContext.groovy] does not exist
23:14:46.100 [main] INFO org.springframework.test.context.support.AbstractContextLoader - Could not detect default resource locations for test class [com.cs4256.drinkmorewater.UserTests]: no resource found for suffixes {-context.xml, Context.groovy}.
23:14:46.100 [main] INFO org.springframework.test.context.support.AnnotationConfigContextLoaderUtils - Could not detect default configuration classes for test class [com.cs4256.drinkmorewater.UserTests]: UserTests does not declare any static, non-private, non-final, nested classes annotated with @Configuration.
23:14:46.104 [main] DEBUG org.springframework.test.context.support.ActiveProfilesUtils - Could not find an 'annotation declaring class' for annotation type [org.springframework.test.context.ActiveProfiles] and class [com.cs4256.drinkmorewater.UserTests]
23:14:46.104 [main] INFO org.springframework.boot.test.context.SpringBootTestContextBootstrapper - Found @SpringBootConfiguration com.cs4256.drinkmorewater.DrinkMoreWaterApplication for test class com.cs4256.drinkmorewater.UserTests
23:14:46.106 [main] DEBUG org.springframework.boot.test.context.SpringBootTestContextBootstrapper - @TestExecutionListeners is not present for class [com.cs4256.drinkmorewater.UserTests]: using defaults.
23:14:46.106 [main] INFO org.springframework.boot.test.context.SpringBootTestContextBootstrapper - Loaded default TestExecutionListener class names from location [META-INF/spring.factories]: [org.springframework.boot.test.mock.mockito.MockitoTestExecutionListener, org.springframework.boot.test.mock.mockito.ResetMocksTestExecutionListener, org.springframework.boot.test.autoconfigure.restdocs.RestDocsTestExecutionListener, org.springframework.boot.test.autoconfigure.web.client.MockRestServiceServerResetTestExecutionListener, org.springframework.boot.test.autoconfigure.web.servlet.MockMvcPrintOnlyOnFailureTestExecutionListener, org.springframework.boot.test.autoconfigure.web.servlet.WebDriverTestExecutionListener, org.springframework.boot.test.autoconfigure.webservices.client.MockWebServiceServerTestExecutionListener, org.springframework.test.context.web.ServletTestExecutionListener, org.springframework.test.context.support.DirtiesContextBeforeModesTestExecutionListener, org.springframework.test.context.event.ApplicationEventsTestExecutionListener, org.springframework.test.context.support.DependencyInjectionTestExecutionListener, org.springframework.test.context.support.DirtiesContextTestExecutionListener, org.springframework.test.context.transaction.TransactionalTestExecutionListener, org.springframework.test.context.jdbc.SqlScriptsTestExecutionListener, org.springframework.test.context.event.EventPublishingTestExecutionListener]
23:14:46.108 [main] INFO org.springframework.boot.test.context.SpringBootTestContextBootstrapper - Using TestExecutionListeners: [org.springframework.test.context.web.ServletTestExecutionListener@2f7a7219, org.springframework.test.context.support.DirtiesContextBeforeModesTestExecutionListener@669513d8, org.springframework.test.context.event.ApplicationEventsTestExecutionListener@3a1d593e, org.springframework.boot.test.mock.mockito.MockitoTestExecutionListener@4a8a60bc, org.springframework.boot.test.autoconfigure.SpringBootDependencyInjectionTestExecutionListener@361c294e, org.springframework.test.context.support.DirtiesContextTestExecutionListener@7859e786, org.springframework.test.context.transaction.TransactionalTestExecutionListener@285d851a, org.springframework.test.context.jdbc.SqlScriptsTestExecutionListener@314b8f2d, org.springframework.test.context.event.EventPublishingTestExecutionListener@664a9613, org.springframework.boot.test.mock.mockito.ResetMocksTestExecutionListener@5118388b, org.springframework.boot.test.autoconfigure.restdocs.RestDocsTestExecutionListener@15a902e7, org.springframework.boot.test.autoconfigure.web.client.MockRestServiceServerResetTestExecutionListener@7876d598, org.springframework.boot.test.autoconfigure.web.servlet.MockMvcPrintOnlyOnFailureTestExecutionListener@4a3e3e8b, org.springframework.boot.test.autoconfigure.web.servlet.WebDriverTestExecutionListener@5af28b27, org.springframework.boot.test.autoconfigure.webservices.client.MockWebServiceServerTestExecutionListener@71104a4]
23:14:46.109 [main] DEBUG org.springframework.test.annotation.ProfileValueUtils - Retrieved @ProfileValueSourceConfiguration [null] for test class [com.cs4256.drinkmorewater.UserTests]
23:14:46.109 [main] DEBUG org.springframework.test.annotation.ProfileValueUtils - Retrieved ProfileValueSource type [class org.springframework.test.annotation.SystemProfileValueSource] for class [com.cs4256.drinkmorewater.UserTests]
23:14:46.109 [main] DEBUG org.springframework.test.annotation.ProfileValueUtils - Retrieved @ProfileValueSourceConfiguration [null] for test class [com.cs4256.drinkmorewater.UserTests]
23:14:46.109 [main] DEBUG org.springframework.test.annotation.ProfileValueUtils - Retrieved ProfileValueSource type [class org.springframework.test.annotation.SystemProfileValueSource] for class [com.cs4256.drinkmorewater.UserTests]
23:14:46.109 [main] DEBUG org.springframework.test.annotation.ProfileValueUtils - Retrieved @ProfileValueSourceConfiguration [null] for test class [com.cs4256.drinkmorewater.UserTests]
23:14:46.109 [main] DEBUG org.springframework.test.annotation.ProfileValueUtils - Retrieved ProfileValueSource type [class org.springframework.test.annotation.SystemProfileValueSource] for class [com.cs4256.drinkmorewater.UserTests]
23:14:46.136 [main] DEBUG org.springframework.test.annotation.ProfileValueUtils - Retrieved @ProfileValueSourceConfiguration [null] for test class [com.cs4256.drinkmorewater.BookmarkTests]
23:14:46.136 [main] DEBUG org.springframework.test.annotation.ProfileValueUtils - Retrieved ProfileValueSource type [class org.springframework.test.annotation.SystemProfileValueSource] for class [com.cs4256.drinkmorewater.BookmarkTests]
23:14:46.141 [main] DEBUG org.springframework.test.annotation.ProfileValueUtils - Retrieved @ProfileValueSourceConfiguration [null] for test class [com.cs4256.drinkmorewater.BookmarkTests]
23:14:46.141 [main] DEBUG org.springframework.test.annotation.ProfileValueUtils - Retrieved ProfileValueSource type [class org.springframework.test.annotation.SystemProfileValueSource] for class [com.cs4256.drinkmorewater.BookmarkTests]
23:14:46.142 [main] DEBUG org.springframework.test.annotation.ProfileValueUtils - Retrieved @ProfileValueSourceConfiguration [null] for test class [com.cs4256.drinkmorewater.BookmarkTests]
23:14:46.142 [main] DEBUG org.springframework.test.annotation.ProfileValueUtils - Retrieved ProfileValueSource type [class org.springframework.test.annotation.SystemProfileValueSource] for class [com.cs4256.drinkmorewater.BookmarkTests]
23:14:46.149 [main] DEBUG org.springframework.test.context.support.AbstractDirtiesContextTestExecutionListener - Before test class: context [DefaultTestContext@6691490c testClass = BookmarkTests, testInstance = [null], testMethod = [null], testException = [null], mergedContextConfiguration = [WebMergedContextConfiguration@2187fff7 testClass = BookmarkTests, locations = '{}', classes = '{class com.cs4256.drinkmorewater.DrinkMoreWaterApplication}', contextInitializerClasses = '[]', activeProfiles = '{}', propertySourceLocations = '{}', propertySourceProperties = '{org.springframework.boot.test.context.SpringBootTestContextBootstrapper=true}', contextCustomizers = set[org.springframework.boot.test.context.filter.ExcludeFilterContextCustomizer@5852c06f, org.springframework.boot.test.json.DuplicateJsonObjectContextCustomizerFactory$DuplicateJsonObjectContextCustomizer@376a0d86, org.springframework.boot.test.mock.mockito.MockitoContextCustomizer@b02f9515, org.springframework.boot.test.web.client.TestRestTemplateContextCustomizer@1ec9bd38, org.springframework.boot.test.autoconfigure.actuate.metrics.MetricsExportContextCustomizerFactory$DisableMetricExportContextCustomizer@19976a65, org.springframework.boot.test.autoconfigure.properties.PropertyMappingContextCustomizer@0, org.springframework.boot.test.autoconfigure.web.servlet.WebDriverContextCustomizerFactory$Customizer@48b67364, org.springframework.boot.test.context.SpringBootTestArgs@1, org.springframework.boot.test.context.SpringBootTestWebEnvironment@302c971f], resourceBasePath = 'src/main/webapp', contextLoader = 'org.springframework.boot.test.context.SpringBootContextLoader', parent = [null]], attributes = map['org.springframework.test.context.web.ServletTestExecutionListener.activateListener' -> true]], class annotated with @DirtiesContext [false] with mode [null].
23:14:46.150 [main] DEBUG org.springframework.test.annotation.ProfileValueUtils - Retrieved @ProfileValueSourceConfiguration [null] for test class [com.cs4256.drinkmorewater.BookmarkTests]
23:14:46.151 [main] DEBUG org.springframework.test.annotation.ProfileValueUtils - Retrieved ProfileValueSource type [class org.springframework.test.annotation.SystemProfileValueSource] for class [com.cs4256.drinkmorewater.BookmarkTests]

  .   ____          _            __ _ _
 /\\ / ___'_ __ _ _(_)_ __  __ _ \ \ \ \
( ( )\___ | '_ | '_| | '_ \/ _` | \ \ \ \
 \\/  ___)| |_)| | | | | || (_| |  ) ) ) )
  '  |____| .__|_| |_|_| |_\__, | / / / /
 =========|_|==============|___/=/_/_/_/
 :: Spring Boot ::                (v2.7.4)

2022-12-05 23:14:46.450  INFO 11320 --- [           main] com.cs4256.drinkmorewater.BookmarkTests  : Starting BookmarkTests using Java 11.0.16.1 on Ruochens with PID 11320 (started by ruoch in C:\Users\ruoch\Desktop\2022 FALL\CS4156 Advanced software engineering\CS4156_DrinkMoreWater)
2022-12-05 23:14:46.451  INFO 11320 --- [           main] com.cs4256.drinkmorewater.BookmarkTests  : No active profile set, falling back to 1 default profile: "default"
2022-12-05 23:14:47.089  INFO 11320 --- [           main] .s.d.r.c.RepositoryConfigurationDelegate : Bootstrapping Spring Data JPA repositories in DEFAULT mode.
2022-12-05 23:14:47.115  INFO 11320 --- [           main] .s.d.r.c.RepositoryConfigurationDelegate : Finished Spring Data repository scanning in 17 ms. Found 0 JPA repository interfaces.
2022-12-05 23:14:47.806  INFO 11320 --- [           main] c.a.d.s.b.a.DruidDataSourceAutoConfigure : Init DruidDataSource
2022-12-05 23:14:48.037  INFO 11320 --- [           main] com.alibaba.druid.pool.DruidDataSource   : {dataSource-1} inited
2022-12-05 23:14:48.249  INFO 11320 --- [           main] o.hibernate.jpa.internal.util.LogHelper  : HHH000204: Processing PersistenceUnitInfo [name: default]
2022-12-05 23:14:48.334  INFO 11320 --- [           main] org.hibernate.Version                    : HHH000412: Hibernate ORM core version 5.6.11.Final
2022-12-05 23:14:48.400  INFO 11320 --- [           main] o.hibernate.annotations.common.Version   : HCANN000001: Hibernate Commons Annotations {5.1.2.Final}
2022-12-05 23:14:49.397  INFO 11320 --- [           main] org.hibernate.dialect.Dialect            : HHH000400: Using dialect: org.hibernate.dialect.MySQL8Dialect
2022-12-05 23:14:49.649  INFO 11320 --- [           main] o.h.e.t.j.p.i.JtaPlatformInitiator       : HHH000490: Using JtaPlatform implementation: [org.hibernate.engine.transaction.jta.platform.internal.NoJtaPlatform]
2022-12-05 23:14:49.657  INFO 11320 --- [           main] j.LocalContainerEntityManagerFactoryBean : Initialized JPA EntityManagerFactory for persistence unit 'default'
Logging initialized using 'class org.apache.ibatis.logging.stdout.StdOutImpl' adapter.
Parsed mapper file: 'file [C:\Users\ruoch\Desktop\2022 FALL\CS4156 Advanced software engineering\CS4156_DrinkMoreWater\target\classes\mapper\Bookmarkmapper.xml]'
Parsed mapper file: 'file [C:\Users\ruoch\Desktop\2022 FALL\CS4156 Advanced software engineering\CS4156_DrinkMoreWater\target\classes\mapper\OrderProfileMapper.xml]'
Parsed mapper file: 'file [C:\Users\ruoch\Desktop\2022 FALL\CS4156 Advanced software engineering\CS4156_DrinkMoreWater\target\classes\mapper\RestaurantMapper.xml]'
Parsed mapper file: 'file [C:\Users\ruoch\Desktop\2022 FALL\CS4156 Advanced software engineering\CS4156_DrinkMoreWater\target\classes\mapper\ReviewMapper.xml]'
 _ _   |_  _ _|_. ___ _ |    _ 
| | |\/|_)(_| | |_\  |_)||_|_\ 
     /               |         
                        3.4.3 
2022-12-05 23:14:50.695  WARN 11320 --- [           main] JpaBaseConfiguration$JpaWebConfiguration : spring.jpa.open-in-view is enabled by default. Therefore, database queries may be performed during view rendering. Explicitly configure spring.jpa.open-in-view to disable this warning
2022-12-05 23:14:51.259  INFO 11320 --- [           main] com.cs4256.drinkmorewater.BookmarkTests  : Started BookmarkTests in 5.08 seconds (JVM running for 6.178)
]]></system-out>
  </testcase>
  <testcase name="testCountByUserId" classname="com.cs4256.drinkmorewater.BookmarkTests" time="0.005"/>
  <testcase name="testGetByRestId" classname="com.cs4256.drinkmorewater.BookmarkTests" time="0.004"/>
  <testcase name="testGetByUserId" classname="com.cs4256.drinkmorewater.BookmarkTests" time="0.004"/>
  <testcase name="testRemoveBookmark" classname="com.cs4256.drinkmorewater.BookmarkTests" time="0.006"/>
  <testcase name="testGetById" classname="com.cs4256.drinkmorewater.BookmarkTests" time="0.006"/>
  <testcase name="testAddBookmark" classname="com.cs4256.drinkmorewater.BookmarkTests" time="0.005"/>
  <testcase name="testInvalidUpdate" classname="com.cs4256.drinkmorewater.BookmarkTests" time="0.004"/>
  <testcase name="testGetAll" classname="com.cs4256.drinkmorewater.BookmarkTests" time="0.011"/>
  <testcase name="testUpdate" classname="com.cs4256.drinkmorewater.BookmarkTests" time="0.004"/>
</testsuite>